{"/home/dsambugaro/tractian/desafio-full-stack/server/src/server.ts": {"path":"/home/dsambugaro/tractian/desafio-full-stack/server/src/server.ts","all":false,"statementMap":{"0":{"start":{"line":1,"column":0},"end":{"line":1,"column":30}},"1":{"start":{"line":2,"column":0},"end":{"line":2,"column":24}},"2":{"start":{"line":3,"column":0},"end":{"line":3,"column":28}},"3":{"start":{"line":4,"column":0},"end":{"line":4,"column":0}},"4":{"start":{"line":5,"column":0},"end":{"line":5,"column":30}},"5":{"start":{"line":6,"column":0},"end":{"line":6,"column":40}},"6":{"start":{"line":7,"column":0},"end":{"line":7,"column":32}},"7":{"start":{"line":8,"column":0},"end":{"line":8,"column":64}},"8":{"start":{"line":9,"column":0},"end":{"line":9,"column":58}},"9":{"start":{"line":10,"column":0},"end":{"line":10,"column":58}},"10":{"start":{"line":11,"column":0},"end":{"line":11,"column":60}},"11":{"start":{"line":12,"column":0},"end":{"line":12,"column":64}},"12":{"start":{"line":13,"column":0},"end":{"line":13,"column":0}},"13":{"start":{"line":14,"column":0},"end":{"line":14,"column":3}},"14":{"start":{"line":15,"column":0},"end":{"line":15,"column":25}},"15":{"start":{"line":16,"column":0},"end":{"line":16,"column":3}},"16":{"start":{"line":17,"column":0},"end":{"line":17,"column":18}},"17":{"start":{"line":18,"column":0},"end":{"line":18,"column":46}},"18":{"start":{"line":19,"column":0},"end":{"line":19,"column":40}},"19":{"start":{"line":20,"column":0},"end":{"line":20,"column":40}},"20":{"start":{"line":21,"column":0},"end":{"line":21,"column":42}},"21":{"start":{"line":22,"column":0},"end":{"line":22,"column":0}},"22":{"start":{"line":23,"column":0},"end":{"line":23,"column":5}},"23":{"start":{"line":24,"column":0},"end":{"line":24,"column":42}},"24":{"start":{"line":25,"column":0},"end":{"line":25,"column":46}},"25":{"start":{"line":26,"column":0},"end":{"line":26,"column":36}},"26":{"start":{"line":27,"column":0},"end":{"line":27,"column":5}},"27":{"start":{"line":28,"column":0},"end":{"line":28,"column":33}},"28":{"start":{"line":29,"column":0},"end":{"line":29,"column":20}},"29":{"start":{"line":30,"column":0},"end":{"line":30,"column":36}},"30":{"start":{"line":31,"column":0},"end":{"line":31,"column":34}},"31":{"start":{"line":32,"column":0},"end":{"line":32,"column":29}},"32":{"start":{"line":33,"column":0},"end":{"line":33,"column":31}},"33":{"start":{"line":34,"column":0},"end":{"line":34,"column":29}},"34":{"start":{"line":35,"column":0},"end":{"line":35,"column":31}},"35":{"start":{"line":36,"column":0},"end":{"line":36,"column":31}},"36":{"start":{"line":37,"column":0},"end":{"line":37,"column":32}},"37":{"start":{"line":38,"column":0},"end":{"line":38,"column":14}},"38":{"start":{"line":39,"column":0},"end":{"line":39,"column":25}},"39":{"start":{"line":40,"column":0},"end":{"line":40,"column":5}},"40":{"start":{"line":41,"column":0},"end":{"line":41,"column":3}},"41":{"start":{"line":42,"column":0},"end":{"line":42,"column":1}},"42":{"start":{"line":43,"column":0},"end":{"line":43,"column":0}},"43":{"start":{"line":44,"column":0},"end":{"line":44,"column":3}},"44":{"start":{"line":45,"column":0},"end":{"line":45,"column":9}},"45":{"start":{"line":46,"column":0},"end":{"line":46,"column":3}},"46":{"start":{"line":47,"column":0},"end":{"line":47,"column":14}},"47":{"start":{"line":48,"column":0},"end":{"line":48,"column":34}},"48":{"start":{"line":49,"column":0},"end":{"line":49,"column":60}},"49":{"start":{"line":50,"column":0},"end":{"line":50,"column":25}},"50":{"start":{"line":51,"column":0},"end":{"line":51,"column":33}},"51":{"start":{"line":52,"column":0},"end":{"line":52,"column":0}},"52":{"start":{"line":53,"column":0},"end":{"line":53,"column":5}},"53":{"start":{"line":54,"column":0},"end":{"line":54,"column":20}},"54":{"start":{"line":55,"column":0},"end":{"line":55,"column":5}},"55":{"start":{"line":56,"column":0},"end":{"line":56,"column":17}},"56":{"start":{"line":57,"column":0},"end":{"line":57,"column":20}},"57":{"start":{"line":58,"column":0},"end":{"line":58,"column":25}},"58":{"start":{"line":59,"column":0},"end":{"line":59,"column":32}},"59":{"start":{"line":60,"column":0},"end":{"line":60,"column":22}},"60":{"start":{"line":61,"column":0},"end":{"line":61,"column":19}},"61":{"start":{"line":62,"column":0},"end":{"line":62,"column":24}},"62":{"start":{"line":63,"column":0},"end":{"line":63,"column":3}},"63":{"start":{"line":64,"column":0},"end":{"line":64,"column":0}},"64":{"start":{"line":65,"column":0},"end":{"line":65,"column":5}},"65":{"start":{"line":66,"column":0},"end":{"line":66,"column":22}},"66":{"start":{"line":67,"column":0},"end":{"line":67,"column":17}},"67":{"start":{"line":68,"column":0},"end":{"line":68,"column":5}},"68":{"start":{"line":69,"column":0},"end":{"line":69,"column":22}},"69":{"start":{"line":70,"column":0},"end":{"line":70,"column":57}},"70":{"start":{"line":71,"column":0},"end":{"line":71,"column":0}},"71":{"start":{"line":72,"column":0},"end":{"line":72,"column":32}},"72":{"start":{"line":73,"column":0},"end":{"line":73,"column":3}},"73":{"start":{"line":74,"column":0},"end":{"line":74,"column":0}},"74":{"start":{"line":75,"column":0},"end":{"line":75,"column":5}},"75":{"start":{"line":76,"column":0},"end":{"line":76,"column":28}},"76":{"start":{"line":77,"column":0},"end":{"line":77,"column":17}},"77":{"start":{"line":78,"column":0},"end":{"line":78,"column":5}},"78":{"start":{"line":79,"column":0},"end":{"line":79,"column":19}},"79":{"start":{"line":80,"column":0},"end":{"line":80,"column":49}},"80":{"start":{"line":81,"column":0},"end":{"line":81,"column":58}},"81":{"start":{"line":82,"column":0},"end":{"line":82,"column":3}},"82":{"start":{"line":83,"column":0},"end":{"line":83,"column":0}},"83":{"start":{"line":84,"column":0},"end":{"line":84,"column":5}},"84":{"start":{"line":85,"column":0},"end":{"line":85,"column":24}},"85":{"start":{"line":86,"column":0},"end":{"line":86,"column":17}},"86":{"start":{"line":87,"column":0},"end":{"line":87,"column":5}},"87":{"start":{"line":88,"column":0},"end":{"line":88,"column":24}},"88":{"start":{"line":89,"column":0},"end":{"line":89,"column":18}},"89":{"start":{"line":90,"column":0},"end":{"line":90,"column":80}},"90":{"start":{"line":91,"column":0},"end":{"line":91,"column":57}},"91":{"start":{"line":92,"column":0},"end":{"line":92,"column":0}},"92":{"start":{"line":93,"column":0},"end":{"line":93,"column":23}},"93":{"start":{"line":94,"column":0},"end":{"line":94,"column":32}},"94":{"start":{"line":95,"column":0},"end":{"line":95,"column":12}},"95":{"start":{"line":96,"column":0},"end":{"line":96,"column":42}},"96":{"start":{"line":97,"column":0},"end":{"line":97,"column":43}},"97":{"start":{"line":98,"column":0},"end":{"line":98,"column":34}},"98":{"start":{"line":99,"column":0},"end":{"line":99,"column":51}},"99":{"start":{"line":100,"column":0},"end":{"line":100,"column":23}},"100":{"start":{"line":101,"column":0},"end":{"line":101,"column":74}},"101":{"start":{"line":102,"column":0},"end":{"line":102,"column":16}},"102":{"start":{"line":103,"column":0},"end":{"line":103,"column":54}},"103":{"start":{"line":104,"column":0},"end":{"line":104,"column":35}},"104":{"start":{"line":105,"column":0},"end":{"line":105,"column":16}},"105":{"start":{"line":106,"column":0},"end":{"line":106,"column":51}},"106":{"start":{"line":107,"column":0},"end":{"line":107,"column":35}},"107":{"start":{"line":108,"column":0},"end":{"line":108,"column":77}},"108":{"start":{"line":109,"column":0},"end":{"line":109,"column":16}},"109":{"start":{"line":110,"column":0},"end":{"line":110,"column":51}},"110":{"start":{"line":111,"column":0},"end":{"line":111,"column":35}},"111":{"start":{"line":112,"column":0},"end":{"line":112,"column":16}},"112":{"start":{"line":113,"column":0},"end":{"line":113,"column":51}},"113":{"start":{"line":114,"column":0},"end":{"line":114,"column":37}},"114":{"start":{"line":115,"column":0},"end":{"line":115,"column":7}},"115":{"start":{"line":116,"column":0},"end":{"line":116,"column":7}},"116":{"start":{"line":117,"column":0},"end":{"line":117,"column":3}},"117":{"start":{"line":118,"column":0},"end":{"line":118,"column":1}},"118":{"start":{"line":119,"column":0},"end":{"line":119,"column":0}},"119":{"start":{"line":120,"column":0},"end":{"line":120,"column":22}}},"s":{"0":1,"1":1,"2":1,"3":1,"4":1,"5":1,"6":1,"7":1,"8":1,"9":1,"10":1,"11":1,"12":1,"13":1,"14":1,"15":1,"16":1,"17":1,"18":1,"19":1,"20":1,"21":1,"22":1,"23":1,"24":1,"25":1,"26":1,"27":1,"28":8,"29":8,"30":2,"31":8,"32":2,"33":8,"34":2,"35":8,"36":2,"37":8,"38":0,"39":8,"40":8,"41":1,"42":1,"43":1,"44":1,"45":1,"46":1,"47":1,"48":1,"49":1,"50":1,"51":1,"52":1,"53":1,"54":1,"55":1,"56":2,"57":2,"58":2,"59":2,"60":2,"61":2,"62":2,"63":1,"64":1,"65":1,"66":1,"67":1,"68":1,"69":2,"70":2,"71":2,"72":2,"73":1,"74":1,"75":1,"76":1,"77":1,"78":1,"79":2,"80":2,"81":2,"82":1,"83":1,"84":1,"85":1,"86":1,"87":1,"88":2,"89":2,"90":2,"91":2,"92":2,"93":2,"94":2,"95":2,"96":2,"97":2,"98":8,"99":8,"100":8,"101":8,"102":8,"103":8,"104":8,"105":8,"106":8,"107":8,"108":8,"109":8,"110":8,"111":8,"112":8,"113":8,"114":8,"115":2,"116":2,"117":1,"118":1,"119":1},"branchMap":{"0":{"type":"branch","line":28,"loc":{"start":{"line":28,"column":9},"end":{"line":41,"column":3}},"locations":[{"start":{"line":28,"column":9},"end":{"line":41,"column":3}}]},"1":{"type":"branch","line":30,"loc":{"start":{"line":30,"column":6},"end":{"line":31,"column":34}},"locations":[{"start":{"line":30,"column":6},"end":{"line":31,"column":34}}]},"2":{"type":"branch","line":30,"loc":{"start":{"line":30,"column":22},"end":{"line":30,"column":35}},"locations":[{"start":{"line":30,"column":22},"end":{"line":30,"column":35}}]},"3":{"type":"branch","line":32,"loc":{"start":{"line":32,"column":6},"end":{"line":33,"column":31}},"locations":[{"start":{"line":32,"column":6},"end":{"line":33,"column":31}}]},"4":{"type":"branch","line":32,"loc":{"start":{"line":32,"column":18},"end":{"line":32,"column":28}},"locations":[{"start":{"line":32,"column":18},"end":{"line":32,"column":28}}]},"5":{"type":"branch","line":34,"loc":{"start":{"line":34,"column":6},"end":{"line":35,"column":31}},"locations":[{"start":{"line":34,"column":6},"end":{"line":35,"column":31}}]},"6":{"type":"branch","line":34,"loc":{"start":{"line":34,"column":18},"end":{"line":34,"column":28}},"locations":[{"start":{"line":34,"column":18},"end":{"line":34,"column":28}}]},"7":{"type":"branch","line":36,"loc":{"start":{"line":36,"column":6},"end":{"line":37,"column":32}},"locations":[{"start":{"line":36,"column":6},"end":{"line":37,"column":32}}]},"8":{"type":"branch","line":36,"loc":{"start":{"line":36,"column":19},"end":{"line":36,"column":30}},"locations":[{"start":{"line":36,"column":19},"end":{"line":36,"column":30}}]},"9":{"type":"branch","line":38,"loc":{"start":{"line":38,"column":6},"end":{"line":39,"column":25}},"locations":[{"start":{"line":38,"column":6},"end":{"line":39,"column":25}}]},"10":{"type":"branch","line":56,"loc":{"start":{"line":56,"column":2},"end":{"line":63,"column":3}},"locations":[{"start":{"line":56,"column":2},"end":{"line":63,"column":3}}]},"11":{"type":"branch","line":69,"loc":{"start":{"line":69,"column":2},"end":{"line":73,"column":3}},"locations":[{"start":{"line":69,"column":2},"end":{"line":73,"column":3}}]},"12":{"type":"branch","line":79,"loc":{"start":{"line":79,"column":2},"end":{"line":82,"column":3}},"locations":[{"start":{"line":79,"column":2},"end":{"line":82,"column":3}}]},"13":{"type":"branch","line":88,"loc":{"start":{"line":88,"column":2},"end":{"line":117,"column":3}},"locations":[{"start":{"line":88,"column":2},"end":{"line":117,"column":3}}]},"14":{"type":"branch","line":98,"loc":{"start":{"line":98,"column":24},"end":{"line":116,"column":5}},"locations":[{"start":{"line":98,"column":24},"end":{"line":116,"column":5}}]}},"b":{"0":[8],"1":[2],"2":[0],"3":[2],"4":[0],"5":[2],"6":[0],"7":[2],"8":[0],"9":[0],"10":[2],"11":[2],"12":[2],"13":[2],"14":[8]},"fnMap":{"0":{"name":"valueof","decl":{"start":{"line":28,"column":9},"end":{"line":41,"column":3}},"loc":{"start":{"line":28,"column":9},"end":{"line":41,"column":3}},"line":28},"1":{"name":"Server","decl":{"start":{"line":56,"column":2},"end":{"line":63,"column":3}},"loc":{"start":{"line":56,"column":2},"end":{"line":63,"column":3}},"line":56},"2":{"name":"enableCors","decl":{"start":{"line":69,"column":2},"end":{"line":73,"column":3}},"loc":{"start":{"line":69,"column":2},"end":{"line":73,"column":3}},"line":69},"3":{"name":"middler","decl":{"start":{"line":79,"column":2},"end":{"line":82,"column":3}},"loc":{"start":{"line":79,"column":2},"end":{"line":82,"column":3}},"line":79},"4":{"name":"createRoutes","decl":{"start":{"line":88,"column":2},"end":{"line":117,"column":3}},"loc":{"start":{"line":88,"column":2},"end":{"line":117,"column":3}},"line":88}},"f":{"0":8,"1":2,"2":2,"3":2,"4":2}}
,"/home/dsambugaro/tractian/desafio-full-stack/server/src/controllers/assetController.ts": {"path":"/home/dsambugaro/tractian/desafio-full-stack/server/src/controllers/assetController.ts","all":false,"statementMap":{"0":{"start":{"line":1,"column":0},"end":{"line":1,"column":44}},"1":{"start":{"line":2,"column":0},"end":{"line":2,"column":37}},"2":{"start":{"line":3,"column":0},"end":{"line":3,"column":0}},"3":{"start":{"line":4,"column":0},"end":{"line":4,"column":43}},"4":{"start":{"line":5,"column":0},"end":{"line":5,"column":52}},"5":{"start":{"line":6,"column":0},"end":{"line":6,"column":37}},"6":{"start":{"line":7,"column":0},"end":{"line":7,"column":0}},"7":{"start":{"line":8,"column":0},"end":{"line":8,"column":3}},"8":{"start":{"line":9,"column":0},"end":{"line":9,"column":25}},"9":{"start":{"line":10,"column":0},"end":{"line":10,"column":3}},"10":{"start":{"line":11,"column":0},"end":{"line":11,"column":23}},"11":{"start":{"line":12,"column":0},"end":{"line":12,"column":5}},"12":{"start":{"line":13,"column":0},"end":{"line":13,"column":19}},"13":{"start":{"line":14,"column":0},"end":{"line":14,"column":43}},"14":{"start":{"line":15,"column":0},"end":{"line":15,"column":44}},"15":{"start":{"line":16,"column":0},"end":{"line":16,"column":17}},"16":{"start":{"line":17,"column":0},"end":{"line":17,"column":5}},"17":{"start":{"line":18,"column":0},"end":{"line":18,"column":42}},"18":{"start":{"line":19,"column":0},"end":{"line":19,"column":9}},"19":{"start":{"line":20,"column":0},"end":{"line":20,"column":75}},"20":{"start":{"line":21,"column":0},"end":{"line":21,"column":76}},"21":{"start":{"line":22,"column":0},"end":{"line":22,"column":23}},"22":{"start":{"line":23,"column":0},"end":{"line":23,"column":36}},"23":{"start":{"line":24,"column":0},"end":{"line":24,"column":51}},"24":{"start":{"line":25,"column":0},"end":{"line":25,"column":37}},"25":{"start":{"line":26,"column":0},"end":{"line":26,"column":46}},"26":{"start":{"line":27,"column":0},"end":{"line":27,"column":20}},"27":{"start":{"line":28,"column":0},"end":{"line":28,"column":38}},"28":{"start":{"line":29,"column":0},"end":{"line":29,"column":10}},"29":{"start":{"line":30,"column":0},"end":{"line":30,"column":7}},"30":{"start":{"line":31,"column":0},"end":{"line":31,"column":51}},"31":{"start":{"line":32,"column":0},"end":{"line":32,"column":43}},"32":{"start":{"line":33,"column":0},"end":{"line":33,"column":7}},"33":{"start":{"line":34,"column":0},"end":{"line":34,"column":27}},"34":{"start":{"line":35,"column":0},"end":{"line":35,"column":77}},"35":{"start":{"line":36,"column":0},"end":{"line":36,"column":7}},"36":{"start":{"line":37,"column":0},"end":{"line":37,"column":63}},"37":{"start":{"line":38,"column":0},"end":{"line":38,"column":61}},"38":{"start":{"line":39,"column":0},"end":{"line":39,"column":21}},"39":{"start":{"line":40,"column":0},"end":{"line":40,"column":46}},"40":{"start":{"line":41,"column":0},"end":{"line":41,"column":34}},"41":{"start":{"line":42,"column":0},"end":{"line":42,"column":33}},"42":{"start":{"line":43,"column":0},"end":{"line":43,"column":12}},"43":{"start":{"line":44,"column":0},"end":{"line":44,"column":39}},"44":{"start":{"line":45,"column":0},"end":{"line":45,"column":21}},"45":{"start":{"line":46,"column":0},"end":{"line":46,"column":8}},"46":{"start":{"line":47,"column":0},"end":{"line":47,"column":5}},"47":{"start":{"line":48,"column":0},"end":{"line":48,"column":3}},"48":{"start":{"line":49,"column":0},"end":{"line":49,"column":0}},"49":{"start":{"line":50,"column":0},"end":{"line":50,"column":5}},"50":{"start":{"line":51,"column":0},"end":{"line":51,"column":22}},"51":{"start":{"line":52,"column":0},"end":{"line":52,"column":43}},"52":{"start":{"line":53,"column":0},"end":{"line":53,"column":44}},"53":{"start":{"line":54,"column":0},"end":{"line":54,"column":17}},"54":{"start":{"line":55,"column":0},"end":{"line":55,"column":5}},"55":{"start":{"line":56,"column":0},"end":{"line":56,"column":46}},"56":{"start":{"line":57,"column":0},"end":{"line":57,"column":40}},"57":{"start":{"line":58,"column":0},"end":{"line":58,"column":9}},"58":{"start":{"line":59,"column":0},"end":{"line":59,"column":52}},"59":{"start":{"line":60,"column":0},"end":{"line":60,"column":72}},"60":{"start":{"line":61,"column":0},"end":{"line":61,"column":21}},"61":{"start":{"line":62,"column":0},"end":{"line":62,"column":46}},"62":{"start":{"line":63,"column":0},"end":{"line":63,"column":34}},"63":{"start":{"line":64,"column":0},"end":{"line":64,"column":33}},"64":{"start":{"line":65,"column":0},"end":{"line":65,"column":12}},"65":{"start":{"line":66,"column":0},"end":{"line":66,"column":39}},"66":{"start":{"line":67,"column":0},"end":{"line":67,"column":21}},"67":{"start":{"line":68,"column":0},"end":{"line":68,"column":8}},"68":{"start":{"line":69,"column":0},"end":{"line":69,"column":5}},"69":{"start":{"line":70,"column":0},"end":{"line":70,"column":3}},"70":{"start":{"line":71,"column":0},"end":{"line":71,"column":0}},"71":{"start":{"line":72,"column":0},"end":{"line":72,"column":5}},"72":{"start":{"line":73,"column":0},"end":{"line":73,"column":19}},"73":{"start":{"line":74,"column":0},"end":{"line":74,"column":43}},"74":{"start":{"line":75,"column":0},"end":{"line":75,"column":44}},"75":{"start":{"line":76,"column":0},"end":{"line":76,"column":17}},"76":{"start":{"line":77,"column":0},"end":{"line":77,"column":5}},"77":{"start":{"line":78,"column":0},"end":{"line":78,"column":45}},"78":{"start":{"line":79,"column":0},"end":{"line":79,"column":30}},"79":{"start":{"line":80,"column":0},"end":{"line":80,"column":9}},"80":{"start":{"line":81,"column":0},"end":{"line":81,"column":42}},"81":{"start":{"line":82,"column":0},"end":{"line":82,"column":75}},"82":{"start":{"line":83,"column":0},"end":{"line":83,"column":21}},"83":{"start":{"line":84,"column":0},"end":{"line":84,"column":46}},"84":{"start":{"line":85,"column":0},"end":{"line":85,"column":34}},"85":{"start":{"line":86,"column":0},"end":{"line":86,"column":33}},"86":{"start":{"line":87,"column":0},"end":{"line":87,"column":12}},"87":{"start":{"line":88,"column":0},"end":{"line":88,"column":39}},"88":{"start":{"line":89,"column":0},"end":{"line":89,"column":21}},"89":{"start":{"line":90,"column":0},"end":{"line":90,"column":8}},"90":{"start":{"line":91,"column":0},"end":{"line":91,"column":5}},"91":{"start":{"line":92,"column":0},"end":{"line":92,"column":3}},"92":{"start":{"line":93,"column":0},"end":{"line":93,"column":0}},"93":{"start":{"line":94,"column":0},"end":{"line":94,"column":5}},"94":{"start":{"line":95,"column":0},"end":{"line":95,"column":19}},"95":{"start":{"line":96,"column":0},"end":{"line":96,"column":43}},"96":{"start":{"line":97,"column":0},"end":{"line":97,"column":44}},"97":{"start":{"line":98,"column":0},"end":{"line":98,"column":17}},"98":{"start":{"line":99,"column":0},"end":{"line":99,"column":5}},"99":{"start":{"line":100,"column":0},"end":{"line":100,"column":45}},"100":{"start":{"line":101,"column":0},"end":{"line":101,"column":40}},"101":{"start":{"line":102,"column":0},"end":{"line":102,"column":30}},"102":{"start":{"line":103,"column":0},"end":{"line":103,"column":9}},"103":{"start":{"line":104,"column":0},"end":{"line":104,"column":65}},"104":{"start":{"line":105,"column":0},"end":{"line":105,"column":60}},"105":{"start":{"line":106,"column":0},"end":{"line":106,"column":21}},"106":{"start":{"line":107,"column":0},"end":{"line":107,"column":46}},"107":{"start":{"line":108,"column":0},"end":{"line":108,"column":34}},"108":{"start":{"line":109,"column":0},"end":{"line":109,"column":33}},"109":{"start":{"line":110,"column":0},"end":{"line":110,"column":12}},"110":{"start":{"line":111,"column":0},"end":{"line":111,"column":39}},"111":{"start":{"line":112,"column":0},"end":{"line":112,"column":21}},"112":{"start":{"line":113,"column":0},"end":{"line":113,"column":8}},"113":{"start":{"line":114,"column":0},"end":{"line":114,"column":5}},"114":{"start":{"line":115,"column":0},"end":{"line":115,"column":3}},"115":{"start":{"line":116,"column":0},"end":{"line":116,"column":0}},"116":{"start":{"line":117,"column":0},"end":{"line":117,"column":5}},"117":{"start":{"line":118,"column":0},"end":{"line":118,"column":19}},"118":{"start":{"line":119,"column":0},"end":{"line":119,"column":43}},"119":{"start":{"line":120,"column":0},"end":{"line":120,"column":44}},"120":{"start":{"line":121,"column":0},"end":{"line":121,"column":17}},"121":{"start":{"line":122,"column":0},"end":{"line":122,"column":5}},"122":{"start":{"line":123,"column":0},"end":{"line":123,"column":45}},"123":{"start":{"line":124,"column":0},"end":{"line":124,"column":40}},"124":{"start":{"line":125,"column":0},"end":{"line":125,"column":9}},"125":{"start":{"line":126,"column":0},"end":{"line":126,"column":51}},"126":{"start":{"line":127,"column":0},"end":{"line":127,"column":60}},"127":{"start":{"line":128,"column":0},"end":{"line":128,"column":21}},"128":{"start":{"line":129,"column":0},"end":{"line":129,"column":46}},"129":{"start":{"line":130,"column":0},"end":{"line":130,"column":34}},"130":{"start":{"line":131,"column":0},"end":{"line":131,"column":33}},"131":{"start":{"line":132,"column":0},"end":{"line":132,"column":12}},"132":{"start":{"line":133,"column":0},"end":{"line":133,"column":39}},"133":{"start":{"line":134,"column":0},"end":{"line":134,"column":21}},"134":{"start":{"line":135,"column":0},"end":{"line":135,"column":8}},"135":{"start":{"line":136,"column":0},"end":{"line":136,"column":5}},"136":{"start":{"line":137,"column":0},"end":{"line":137,"column":3}},"137":{"start":{"line":138,"column":0},"end":{"line":138,"column":0}},"138":{"start":{"line":139,"column":0},"end":{"line":139,"column":5}},"139":{"start":{"line":140,"column":0},"end":{"line":140,"column":55}},"140":{"start":{"line":141,"column":0},"end":{"line":141,"column":43}},"141":{"start":{"line":142,"column":0},"end":{"line":142,"column":44}},"142":{"start":{"line":143,"column":0},"end":{"line":143,"column":17}},"143":{"start":{"line":144,"column":0},"end":{"line":144,"column":5}},"144":{"start":{"line":145,"column":0},"end":{"line":145,"column":45}},"145":{"start":{"line":146,"column":0},"end":{"line":146,"column":9}},"146":{"start":{"line":147,"column":0},"end":{"line":147,"column":75}},"147":{"start":{"line":148,"column":0},"end":{"line":148,"column":76}},"148":{"start":{"line":149,"column":0},"end":{"line":149,"column":73}},"149":{"start":{"line":150,"column":0},"end":{"line":150,"column":61}},"150":{"start":{"line":151,"column":0},"end":{"line":151,"column":21}},"151":{"start":{"line":152,"column":0},"end":{"line":152,"column":46}},"152":{"start":{"line":153,"column":0},"end":{"line":153,"column":34}},"153":{"start":{"line":154,"column":0},"end":{"line":154,"column":33}},"154":{"start":{"line":155,"column":0},"end":{"line":155,"column":12}},"155":{"start":{"line":156,"column":0},"end":{"line":156,"column":39}},"156":{"start":{"line":157,"column":0},"end":{"line":157,"column":21}},"157":{"start":{"line":158,"column":0},"end":{"line":158,"column":8}},"158":{"start":{"line":159,"column":0},"end":{"line":159,"column":5}},"159":{"start":{"line":160,"column":0},"end":{"line":160,"column":3}},"160":{"start":{"line":161,"column":0},"end":{"line":161,"column":1}},"161":{"start":{"line":162,"column":0},"end":{"line":162,"column":0}},"162":{"start":{"line":163,"column":0},"end":{"line":163,"column":37}}},"s":{"0":1,"1":1,"2":1,"3":1,"4":1,"5":1,"6":1,"7":1,"8":1,"9":1,"10":1,"11":1,"12":1,"13":1,"14":1,"15":1,"16":1,"17":1,"18":8,"19":8,"20":8,"21":8,"22":8,"23":1,"24":8,"25":1,"26":1,"27":1,"28":1,"29":1,"30":8,"31":1,"32":1,"33":8,"34":1,"35":1,"36":7,"37":6,"38":6,"39":2,"40":2,"41":2,"42":2,"43":2,"44":2,"45":2,"46":2,"47":8,"48":1,"49":1,"50":1,"51":1,"52":1,"53":1,"54":1,"55":1,"56":3,"57":3,"58":3,"59":3,"60":3,"61":1,"62":1,"63":1,"64":1,"65":1,"66":1,"67":1,"68":1,"69":3,"70":1,"71":1,"72":1,"73":1,"74":1,"75":1,"76":1,"77":1,"78":4,"79":4,"80":4,"81":2,"82":2,"83":2,"84":2,"85":2,"86":2,"87":2,"88":2,"89":2,"90":2,"91":4,"92":1,"93":1,"94":1,"95":1,"96":1,"97":1,"98":1,"99":1,"100":3,"101":3,"102":3,"103":3,"104":2,"105":2,"106":1,"107":1,"108":1,"109":1,"110":1,"111":1,"112":1,"113":1,"114":3,"115":1,"116":1,"117":1,"118":1,"119":1,"120":1,"121":1,"122":1,"123":3,"124":3,"125":3,"126":2,"127":2,"128":1,"129":1,"130":1,"131":1,"132":1,"133":1,"134":1,"135":1,"136":3,"137":1,"138":1,"139":1,"140":1,"141":1,"142":1,"143":1,"144":1,"145":3,"146":3,"147":3,"148":3,"149":1,"150":3,"151":2,"152":2,"153":2,"154":2,"155":2,"156":2,"157":2,"158":2,"159":3,"160":1,"161":1,"162":1},"branchMap":{"0":{"type":"branch","line":18,"loc":{"start":{"line":18,"column":8},"end":{"line":48,"column":3}},"locations":[{"start":{"line":18,"column":8},"end":{"line":48,"column":3}}]},"1":{"type":"branch","line":23,"loc":{"start":{"line":23,"column":35},"end":{"line":25,"column":13}},"locations":[{"start":{"line":23,"column":35},"end":{"line":25,"column":13}}]},"2":{"type":"branch","line":25,"loc":{"start":{"line":25,"column":7},"end":{"line":30,"column":7}},"locations":[{"start":{"line":25,"column":7},"end":{"line":30,"column":7}}]},"3":{"type":"branch","line":25,"loc":{"start":{"line":25,"column":36},"end":{"line":30,"column":7}},"locations":[{"start":{"line":25,"column":36},"end":{"line":30,"column":7}}]},"4":{"type":"branch","line":31,"loc":{"start":{"line":31,"column":-1},"end":{"line":31,"column":50}},"locations":[{"start":{"line":31,"column":-1},"end":{"line":31,"column":50}}]},"5":{"type":"branch","line":31,"loc":{"start":{"line":31,"column":50},"end":{"line":33,"column":7}},"locations":[{"start":{"line":31,"column":50},"end":{"line":33,"column":7}}]},"6":{"type":"branch","line":34,"loc":{"start":{"line":34,"column":-1},"end":{"line":34,"column":26}},"locations":[{"start":{"line":34,"column":-1},"end":{"line":34,"column":26}}]},"7":{"type":"branch","line":34,"loc":{"start":{"line":34,"column":26},"end":{"line":36,"column":7}},"locations":[{"start":{"line":34,"column":26},"end":{"line":36,"column":7}}]},"8":{"type":"branch","line":37,"loc":{"start":{"line":37,"column":-1},"end":{"line":37,"column":63}},"locations":[{"start":{"line":37,"column":-1},"end":{"line":37,"column":63}}]},"9":{"type":"branch","line":38,"loc":{"start":{"line":38,"column":-1},"end":{"line":47,"column":5}},"locations":[{"start":{"line":38,"column":-1},"end":{"line":47,"column":5}}]},"10":{"type":"branch","line":39,"loc":{"start":{"line":39,"column":6},"end":{"line":47,"column":5}},"locations":[{"start":{"line":39,"column":6},"end":{"line":47,"column":5}}]},"11":{"type":"branch","line":56,"loc":{"start":{"line":56,"column":8},"end":{"line":70,"column":3}},"locations":[{"start":{"line":56,"column":8},"end":{"line":70,"column":3}}]},"12":{"type":"branch","line":60,"loc":{"start":{"line":60,"column":-1},"end":{"line":60,"column":60}},"locations":[{"start":{"line":60,"column":-1},"end":{"line":60,"column":60}}]},"13":{"type":"branch","line":60,"loc":{"start":{"line":60,"column":58},"end":{"line":60,"column":60}},"locations":[{"start":{"line":60,"column":58},"end":{"line":60,"column":60}}]},"14":{"type":"branch","line":60,"loc":{"start":{"line":60,"column":58},"end":{"line":60,"column":60}},"locations":[{"start":{"line":60,"column":58},"end":{"line":60,"column":60}}]},"15":{"type":"branch","line":60,"loc":{"start":{"line":60,"column":58},"end":{"line":60,"column":70}},"locations":[{"start":{"line":60,"column":58},"end":{"line":60,"column":70}}]},"16":{"type":"branch","line":61,"loc":{"start":{"line":61,"column":6},"end":{"line":69,"column":5}},"locations":[{"start":{"line":61,"column":6},"end":{"line":69,"column":5}}]},"17":{"type":"branch","line":78,"loc":{"start":{"line":78,"column":8},"end":{"line":92,"column":3}},"locations":[{"start":{"line":78,"column":8},"end":{"line":92,"column":3}}]},"18":{"type":"branch","line":82,"loc":{"start":{"line":82,"column":-1},"end":{"line":91,"column":5}},"locations":[{"start":{"line":82,"column":-1},"end":{"line":91,"column":5}}]},"19":{"type":"branch","line":100,"loc":{"start":{"line":100,"column":8},"end":{"line":115,"column":3}},"locations":[{"start":{"line":100,"column":8},"end":{"line":115,"column":3}}]},"20":{"type":"branch","line":105,"loc":{"start":{"line":105,"column":-1},"end":{"line":114,"column":5}},"locations":[{"start":{"line":105,"column":-1},"end":{"line":114,"column":5}}]},"21":{"type":"branch","line":106,"loc":{"start":{"line":106,"column":6},"end":{"line":114,"column":5}},"locations":[{"start":{"line":106,"column":6},"end":{"line":114,"column":5}}]},"22":{"type":"branch","line":123,"loc":{"start":{"line":123,"column":8},"end":{"line":137,"column":3}},"locations":[{"start":{"line":123,"column":8},"end":{"line":137,"column":3}}]},"23":{"type":"branch","line":127,"loc":{"start":{"line":127,"column":-1},"end":{"line":136,"column":5}},"locations":[{"start":{"line":127,"column":-1},"end":{"line":136,"column":5}}]},"24":{"type":"branch","line":128,"loc":{"start":{"line":128,"column":6},"end":{"line":136,"column":5}},"locations":[{"start":{"line":128,"column":6},"end":{"line":136,"column":5}}]},"25":{"type":"branch","line":145,"loc":{"start":{"line":145,"column":8},"end":{"line":160,"column":3}},"locations":[{"start":{"line":145,"column":8},"end":{"line":160,"column":3}}]},"26":{"type":"branch","line":150,"loc":{"start":{"line":150,"column":-1},"end":{"line":151,"column":13}},"locations":[{"start":{"line":150,"column":-1},"end":{"line":151,"column":13}}]},"27":{"type":"branch","line":151,"loc":{"start":{"line":151,"column":6},"end":{"line":159,"column":5}},"locations":[{"start":{"line":151,"column":6},"end":{"line":159,"column":5}}]}},"b":{"0":[8],"1":[1],"2":[6],"3":[1],"4":[7],"5":[1],"6":[7],"7":[1],"8":[7],"9":[6],"10":[2],"11":[3],"12":[2],"13":[1],"14":[1],"15":[1],"16":[1],"17":[4],"18":[2],"19":[3],"20":[2],"21":[1],"22":[3],"23":[2],"24":[1],"25":[3],"26":[1],"27":[2]},"fnMap":{"0":{"name":"get","decl":{"start":{"line":18,"column":8},"end":{"line":48,"column":3}},"loc":{"start":{"line":18,"column":8},"end":{"line":48,"column":3}},"line":18},"1":{"name":"getById","decl":{"start":{"line":56,"column":8},"end":{"line":70,"column":3}},"loc":{"start":{"line":56,"column":8},"end":{"line":70,"column":3}},"line":56},"2":{"name":"create","decl":{"start":{"line":78,"column":8},"end":{"line":92,"column":3}},"loc":{"start":{"line":78,"column":8},"end":{"line":92,"column":3}},"line":78},"3":{"name":"update","decl":{"start":{"line":100,"column":8},"end":{"line":115,"column":3}},"loc":{"start":{"line":100,"column":8},"end":{"line":115,"column":3}},"line":100},"4":{"name":"remove","decl":{"start":{"line":123,"column":8},"end":{"line":137,"column":3}},"loc":{"start":{"line":123,"column":8},"end":{"line":137,"column":3}},"line":123},"5":{"name":"filter","decl":{"start":{"line":145,"column":8},"end":{"line":160,"column":3}},"loc":{"start":{"line":145,"column":8},"end":{"line":160,"column":3}},"line":145}},"f":{"0":8,"1":3,"2":4,"3":3,"4":3,"5":3}}
,"/home/dsambugaro/tractian/desafio-full-stack/server/src/controllers/companyController.ts": {"path":"/home/dsambugaro/tractian/desafio-full-stack/server/src/controllers/companyController.ts","all":false,"statementMap":{"0":{"start":{"line":1,"column":0},"end":{"line":1,"column":44}},"1":{"start":{"line":2,"column":0},"end":{"line":2,"column":37}},"2":{"start":{"line":3,"column":0},"end":{"line":3,"column":0}},"3":{"start":{"line":4,"column":0},"end":{"line":4,"column":56}},"4":{"start":{"line":5,"column":0},"end":{"line":5,"column":37}},"5":{"start":{"line":6,"column":0},"end":{"line":6,"column":0}},"6":{"start":{"line":7,"column":0},"end":{"line":7,"column":3}},"7":{"start":{"line":8,"column":0},"end":{"line":8,"column":27}},"8":{"start":{"line":9,"column":0},"end":{"line":9,"column":3}},"9":{"start":{"line":10,"column":0},"end":{"line":10,"column":25}},"10":{"start":{"line":11,"column":0},"end":{"line":11,"column":5}},"11":{"start":{"line":12,"column":0},"end":{"line":12,"column":22}},"12":{"start":{"line":13,"column":0},"end":{"line":13,"column":43}},"13":{"start":{"line":14,"column":0},"end":{"line":14,"column":44}},"14":{"start":{"line":15,"column":0},"end":{"line":15,"column":20}},"15":{"start":{"line":16,"column":0},"end":{"line":16,"column":5}},"16":{"start":{"line":17,"column":0},"end":{"line":17,"column":42}},"17":{"start":{"line":18,"column":0},"end":{"line":18,"column":9}},"18":{"start":{"line":19,"column":0},"end":{"line":19,"column":75}},"19":{"start":{"line":20,"column":0},"end":{"line":20,"column":76}},"20":{"start":{"line":21,"column":0},"end":{"line":21,"column":23}},"21":{"start":{"line":22,"column":0},"end":{"line":22,"column":36}},"22":{"start":{"line":23,"column":0},"end":{"line":23,"column":51}},"23":{"start":{"line":24,"column":0},"end":{"line":24,"column":37}},"24":{"start":{"line":25,"column":0},"end":{"line":25,"column":46}},"25":{"start":{"line":26,"column":0},"end":{"line":26,"column":20}},"26":{"start":{"line":27,"column":0},"end":{"line":27,"column":38}},"27":{"start":{"line":28,"column":0},"end":{"line":28,"column":10}},"28":{"start":{"line":29,"column":0},"end":{"line":29,"column":7}},"29":{"start":{"line":30,"column":0},"end":{"line":30,"column":68}},"30":{"start":{"line":31,"column":0},"end":{"line":31,"column":64}},"31":{"start":{"line":32,"column":0},"end":{"line":32,"column":21}},"32":{"start":{"line":33,"column":0},"end":{"line":33,"column":46}},"33":{"start":{"line":34,"column":0},"end":{"line":34,"column":34}},"34":{"start":{"line":35,"column":0},"end":{"line":35,"column":33}},"35":{"start":{"line":36,"column":0},"end":{"line":36,"column":12}},"36":{"start":{"line":37,"column":0},"end":{"line":37,"column":39}},"37":{"start":{"line":38,"column":0},"end":{"line":38,"column":21}},"38":{"start":{"line":39,"column":0},"end":{"line":39,"column":8}},"39":{"start":{"line":40,"column":0},"end":{"line":40,"column":5}},"40":{"start":{"line":41,"column":0},"end":{"line":41,"column":3}},"41":{"start":{"line":42,"column":0},"end":{"line":42,"column":0}},"42":{"start":{"line":43,"column":0},"end":{"line":43,"column":5}},"43":{"start":{"line":44,"column":0},"end":{"line":44,"column":24}},"44":{"start":{"line":45,"column":0},"end":{"line":45,"column":43}},"45":{"start":{"line":46,"column":0},"end":{"line":46,"column":44}},"46":{"start":{"line":47,"column":0},"end":{"line":47,"column":20}},"47":{"start":{"line":48,"column":0},"end":{"line":48,"column":5}},"48":{"start":{"line":49,"column":0},"end":{"line":49,"column":46}},"49":{"start":{"line":50,"column":0},"end":{"line":50,"column":40}},"50":{"start":{"line":51,"column":0},"end":{"line":51,"column":9}},"51":{"start":{"line":52,"column":0},"end":{"line":52,"column":56}},"52":{"start":{"line":53,"column":0},"end":{"line":53,"column":62}},"53":{"start":{"line":54,"column":0},"end":{"line":54,"column":21}},"54":{"start":{"line":55,"column":0},"end":{"line":55,"column":46}},"55":{"start":{"line":56,"column":0},"end":{"line":56,"column":34}},"56":{"start":{"line":57,"column":0},"end":{"line":57,"column":33}},"57":{"start":{"line":58,"column":0},"end":{"line":58,"column":12}},"58":{"start":{"line":59,"column":0},"end":{"line":59,"column":39}},"59":{"start":{"line":60,"column":0},"end":{"line":60,"column":21}},"60":{"start":{"line":61,"column":0},"end":{"line":61,"column":8}},"61":{"start":{"line":62,"column":0},"end":{"line":62,"column":5}},"62":{"start":{"line":63,"column":0},"end":{"line":63,"column":3}},"63":{"start":{"line":64,"column":0},"end":{"line":64,"column":0}},"64":{"start":{"line":65,"column":0},"end":{"line":65,"column":5}},"65":{"start":{"line":66,"column":0},"end":{"line":66,"column":21}},"66":{"start":{"line":67,"column":0},"end":{"line":67,"column":43}},"67":{"start":{"line":68,"column":0},"end":{"line":68,"column":44}},"68":{"start":{"line":69,"column":0},"end":{"line":69,"column":20}},"69":{"start":{"line":70,"column":0},"end":{"line":70,"column":5}},"70":{"start":{"line":71,"column":0},"end":{"line":71,"column":45}},"71":{"start":{"line":72,"column":0},"end":{"line":72,"column":32}},"72":{"start":{"line":73,"column":0},"end":{"line":73,"column":9}},"73":{"start":{"line":74,"column":0},"end":{"line":74,"column":46}},"74":{"start":{"line":75,"column":0},"end":{"line":75,"column":77}},"75":{"start":{"line":76,"column":0},"end":{"line":76,"column":21}},"76":{"start":{"line":77,"column":0},"end":{"line":77,"column":46}},"77":{"start":{"line":78,"column":0},"end":{"line":78,"column":34}},"78":{"start":{"line":79,"column":0},"end":{"line":79,"column":33}},"79":{"start":{"line":80,"column":0},"end":{"line":80,"column":12}},"80":{"start":{"line":81,"column":0},"end":{"line":81,"column":39}},"81":{"start":{"line":82,"column":0},"end":{"line":82,"column":21}},"82":{"start":{"line":83,"column":0},"end":{"line":83,"column":8}},"83":{"start":{"line":84,"column":0},"end":{"line":84,"column":5}},"84":{"start":{"line":85,"column":0},"end":{"line":85,"column":3}},"85":{"start":{"line":86,"column":0},"end":{"line":86,"column":0}},"86":{"start":{"line":87,"column":0},"end":{"line":87,"column":5}},"87":{"start":{"line":88,"column":0},"end":{"line":88,"column":21}},"88":{"start":{"line":89,"column":0},"end":{"line":89,"column":43}},"89":{"start":{"line":90,"column":0},"end":{"line":90,"column":44}},"90":{"start":{"line":91,"column":0},"end":{"line":91,"column":20}},"91":{"start":{"line":92,"column":0},"end":{"line":92,"column":5}},"92":{"start":{"line":93,"column":0},"end":{"line":93,"column":45}},"93":{"start":{"line":94,"column":0},"end":{"line":94,"column":40}},"94":{"start":{"line":95,"column":0},"end":{"line":95,"column":32}},"95":{"start":{"line":96,"column":0},"end":{"line":96,"column":0}},"96":{"start":{"line":97,"column":0},"end":{"line":97,"column":9}},"97":{"start":{"line":98,"column":0},"end":{"line":98,"column":71}},"98":{"start":{"line":99,"column":0},"end":{"line":99,"column":62}},"99":{"start":{"line":100,"column":0},"end":{"line":100,"column":21}},"100":{"start":{"line":101,"column":0},"end":{"line":101,"column":46}},"101":{"start":{"line":102,"column":0},"end":{"line":102,"column":34}},"102":{"start":{"line":103,"column":0},"end":{"line":103,"column":33}},"103":{"start":{"line":104,"column":0},"end":{"line":104,"column":12}},"104":{"start":{"line":105,"column":0},"end":{"line":105,"column":39}},"105":{"start":{"line":106,"column":0},"end":{"line":106,"column":21}},"106":{"start":{"line":107,"column":0},"end":{"line":107,"column":8}},"107":{"start":{"line":108,"column":0},"end":{"line":108,"column":5}},"108":{"start":{"line":109,"column":0},"end":{"line":109,"column":3}},"109":{"start":{"line":110,"column":0},"end":{"line":110,"column":0}},"110":{"start":{"line":111,"column":0},"end":{"line":111,"column":5}},"111":{"start":{"line":112,"column":0},"end":{"line":112,"column":21}},"112":{"start":{"line":113,"column":0},"end":{"line":113,"column":43}},"113":{"start":{"line":114,"column":0},"end":{"line":114,"column":44}},"114":{"start":{"line":115,"column":0},"end":{"line":115,"column":20}},"115":{"start":{"line":116,"column":0},"end":{"line":116,"column":5}},"116":{"start":{"line":117,"column":0},"end":{"line":117,"column":45}},"117":{"start":{"line":118,"column":0},"end":{"line":118,"column":40}},"118":{"start":{"line":119,"column":0},"end":{"line":119,"column":9}},"119":{"start":{"line":120,"column":0},"end":{"line":120,"column":55}},"120":{"start":{"line":121,"column":0},"end":{"line":121,"column":62}},"121":{"start":{"line":122,"column":0},"end":{"line":122,"column":21}},"122":{"start":{"line":123,"column":0},"end":{"line":123,"column":46}},"123":{"start":{"line":124,"column":0},"end":{"line":124,"column":34}},"124":{"start":{"line":125,"column":0},"end":{"line":125,"column":33}},"125":{"start":{"line":126,"column":0},"end":{"line":126,"column":12}},"126":{"start":{"line":127,"column":0},"end":{"line":127,"column":39}},"127":{"start":{"line":128,"column":0},"end":{"line":128,"column":21}},"128":{"start":{"line":129,"column":0},"end":{"line":129,"column":8}},"129":{"start":{"line":130,"column":0},"end":{"line":130,"column":5}},"130":{"start":{"line":131,"column":0},"end":{"line":131,"column":3}},"131":{"start":{"line":132,"column":0},"end":{"line":132,"column":0}},"132":{"start":{"line":133,"column":0},"end":{"line":133,"column":5}},"133":{"start":{"line":134,"column":0},"end":{"line":134,"column":58}},"134":{"start":{"line":135,"column":0},"end":{"line":135,"column":43}},"135":{"start":{"line":136,"column":0},"end":{"line":136,"column":44}},"136":{"start":{"line":137,"column":0},"end":{"line":137,"column":20}},"137":{"start":{"line":138,"column":0},"end":{"line":138,"column":5}},"138":{"start":{"line":139,"column":0},"end":{"line":139,"column":45}},"139":{"start":{"line":140,"column":0},"end":{"line":140,"column":9}},"140":{"start":{"line":141,"column":0},"end":{"line":141,"column":75}},"141":{"start":{"line":142,"column":0},"end":{"line":142,"column":76}},"142":{"start":{"line":143,"column":0},"end":{"line":143,"column":78}},"143":{"start":{"line":144,"column":0},"end":{"line":144,"column":64}},"144":{"start":{"line":145,"column":0},"end":{"line":145,"column":21}},"145":{"start":{"line":146,"column":0},"end":{"line":146,"column":46}},"146":{"start":{"line":147,"column":0},"end":{"line":147,"column":34}},"147":{"start":{"line":148,"column":0},"end":{"line":148,"column":33}},"148":{"start":{"line":149,"column":0},"end":{"line":149,"column":12}},"149":{"start":{"line":150,"column":0},"end":{"line":150,"column":39}},"150":{"start":{"line":151,"column":0},"end":{"line":151,"column":21}},"151":{"start":{"line":152,"column":0},"end":{"line":152,"column":8}},"152":{"start":{"line":153,"column":0},"end":{"line":153,"column":5}},"153":{"start":{"line":154,"column":0},"end":{"line":154,"column":3}},"154":{"start":{"line":155,"column":0},"end":{"line":155,"column":1}},"155":{"start":{"line":156,"column":0},"end":{"line":156,"column":0}},"156":{"start":{"line":157,"column":0},"end":{"line":157,"column":39}}},"s":{"0":1,"1":1,"2":1,"3":1,"4":1,"5":1,"6":1,"7":1,"8":1,"9":1,"10":1,"11":1,"12":1,"13":1,"14":1,"15":1,"16":1,"17":8,"18":8,"19":8,"20":8,"21":8,"22":1,"23":8,"24":1,"25":1,"26":1,"27":1,"28":1,"29":7,"30":6,"31":8,"32":2,"33":2,"34":2,"35":2,"36":2,"37":2,"38":2,"39":2,"40":8,"41":1,"42":1,"43":1,"44":1,"45":1,"46":1,"47":1,"48":1,"49":3,"50":3,"51":3,"52":2,"53":2,"54":1,"55":1,"56":1,"57":1,"58":1,"59":1,"60":1,"61":1,"62":3,"63":1,"64":1,"65":1,"66":1,"67":1,"68":1,"69":1,"70":1,"71":4,"72":4,"73":4,"74":2,"75":2,"76":2,"77":2,"78":2,"79":2,"80":2,"81":2,"82":2,"83":2,"84":4,"85":1,"86":1,"87":1,"88":1,"89":1,"90":1,"91":1,"92":1,"93":3,"94":3,"95":3,"96":3,"97":3,"98":2,"99":2,"100":1,"101":1,"102":1,"103":1,"104":1,"105":1,"106":1,"107":1,"108":3,"109":1,"110":1,"111":1,"112":1,"113":1,"114":1,"115":1,"116":1,"117":3,"118":3,"119":3,"120":2,"121":2,"122":1,"123":1,"124":1,"125":1,"126":1,"127":1,"128":1,"129":1,"130":3,"131":1,"132":1,"133":1,"134":1,"135":1,"136":1,"137":1,"138":1,"139":3,"140":3,"141":3,"142":3,"143":1,"144":3,"145":2,"146":2,"147":2,"148":2,"149":2,"150":2,"151":2,"152":2,"153":3,"154":1,"155":1,"156":1},"branchMap":{"0":{"type":"branch","line":17,"loc":{"start":{"line":17,"column":8},"end":{"line":41,"column":3}},"locations":[{"start":{"line":17,"column":8},"end":{"line":41,"column":3}}]},"1":{"type":"branch","line":22,"loc":{"start":{"line":22,"column":35},"end":{"line":24,"column":13}},"locations":[{"start":{"line":22,"column":35},"end":{"line":24,"column":13}}]},"2":{"type":"branch","line":24,"loc":{"start":{"line":24,"column":7},"end":{"line":29,"column":7}},"locations":[{"start":{"line":24,"column":7},"end":{"line":29,"column":7}}]},"3":{"type":"branch","line":24,"loc":{"start":{"line":24,"column":36},"end":{"line":29,"column":7}},"locations":[{"start":{"line":24,"column":36},"end":{"line":29,"column":7}}]},"4":{"type":"branch","line":30,"loc":{"start":{"line":30,"column":-1},"end":{"line":30,"column":68}},"locations":[{"start":{"line":30,"column":-1},"end":{"line":30,"column":68}}]},"5":{"type":"branch","line":31,"loc":{"start":{"line":31,"column":-1},"end":{"line":32,"column":13}},"locations":[{"start":{"line":31,"column":-1},"end":{"line":32,"column":13}}]},"6":{"type":"branch","line":32,"loc":{"start":{"line":32,"column":6},"end":{"line":40,"column":5}},"locations":[{"start":{"line":32,"column":6},"end":{"line":40,"column":5}}]},"7":{"type":"branch","line":49,"loc":{"start":{"line":49,"column":8},"end":{"line":63,"column":3}},"locations":[{"start":{"line":49,"column":8},"end":{"line":63,"column":3}}]},"8":{"type":"branch","line":53,"loc":{"start":{"line":53,"column":-1},"end":{"line":62,"column":5}},"locations":[{"start":{"line":53,"column":-1},"end":{"line":62,"column":5}}]},"9":{"type":"branch","line":54,"loc":{"start":{"line":54,"column":6},"end":{"line":62,"column":5}},"locations":[{"start":{"line":54,"column":6},"end":{"line":62,"column":5}}]},"10":{"type":"branch","line":71,"loc":{"start":{"line":71,"column":8},"end":{"line":85,"column":3}},"locations":[{"start":{"line":71,"column":8},"end":{"line":85,"column":3}}]},"11":{"type":"branch","line":75,"loc":{"start":{"line":75,"column":-1},"end":{"line":84,"column":5}},"locations":[{"start":{"line":75,"column":-1},"end":{"line":84,"column":5}}]},"12":{"type":"branch","line":93,"loc":{"start":{"line":93,"column":8},"end":{"line":109,"column":3}},"locations":[{"start":{"line":93,"column":8},"end":{"line":109,"column":3}}]},"13":{"type":"branch","line":99,"loc":{"start":{"line":99,"column":-1},"end":{"line":108,"column":5}},"locations":[{"start":{"line":99,"column":-1},"end":{"line":108,"column":5}}]},"14":{"type":"branch","line":100,"loc":{"start":{"line":100,"column":6},"end":{"line":108,"column":5}},"locations":[{"start":{"line":100,"column":6},"end":{"line":108,"column":5}}]},"15":{"type":"branch","line":117,"loc":{"start":{"line":117,"column":8},"end":{"line":131,"column":3}},"locations":[{"start":{"line":117,"column":8},"end":{"line":131,"column":3}}]},"16":{"type":"branch","line":121,"loc":{"start":{"line":121,"column":-1},"end":{"line":130,"column":5}},"locations":[{"start":{"line":121,"column":-1},"end":{"line":130,"column":5}}]},"17":{"type":"branch","line":122,"loc":{"start":{"line":122,"column":6},"end":{"line":130,"column":5}},"locations":[{"start":{"line":122,"column":6},"end":{"line":130,"column":5}}]},"18":{"type":"branch","line":139,"loc":{"start":{"line":139,"column":8},"end":{"line":154,"column":3}},"locations":[{"start":{"line":139,"column":8},"end":{"line":154,"column":3}}]},"19":{"type":"branch","line":144,"loc":{"start":{"line":144,"column":-1},"end":{"line":145,"column":13}},"locations":[{"start":{"line":144,"column":-1},"end":{"line":145,"column":13}}]},"20":{"type":"branch","line":145,"loc":{"start":{"line":145,"column":6},"end":{"line":153,"column":5}},"locations":[{"start":{"line":145,"column":6},"end":{"line":153,"column":5}}]}},"b":{"0":[8],"1":[1],"2":[6],"3":[1],"4":[7],"5":[6],"6":[2],"7":[3],"8":[2],"9":[1],"10":[4],"11":[2],"12":[3],"13":[2],"14":[1],"15":[3],"16":[2],"17":[1],"18":[3],"19":[1],"20":[2]},"fnMap":{"0":{"name":"get","decl":{"start":{"line":17,"column":8},"end":{"line":41,"column":3}},"loc":{"start":{"line":17,"column":8},"end":{"line":41,"column":3}},"line":17},"1":{"name":"getById","decl":{"start":{"line":49,"column":8},"end":{"line":63,"column":3}},"loc":{"start":{"line":49,"column":8},"end":{"line":63,"column":3}},"line":49},"2":{"name":"create","decl":{"start":{"line":71,"column":8},"end":{"line":85,"column":3}},"loc":{"start":{"line":71,"column":8},"end":{"line":85,"column":3}},"line":71},"3":{"name":"update","decl":{"start":{"line":93,"column":8},"end":{"line":109,"column":3}},"loc":{"start":{"line":93,"column":8},"end":{"line":109,"column":3}},"line":93},"4":{"name":"remove","decl":{"start":{"line":117,"column":8},"end":{"line":131,"column":3}},"loc":{"start":{"line":117,"column":8},"end":{"line":131,"column":3}},"line":117},"5":{"name":"filter","decl":{"start":{"line":139,"column":8},"end":{"line":154,"column":3}},"loc":{"start":{"line":139,"column":8},"end":{"line":154,"column":3}},"line":139}},"f":{"0":8,"1":3,"2":4,"3":3,"4":3,"5":3}}
,"/home/dsambugaro/tractian/desafio-full-stack/server/src/controllers/reportsController.ts": {"path":"/home/dsambugaro/tractian/desafio-full-stack/server/src/controllers/reportsController.ts","all":false,"statementMap":{"0":{"start":{"line":1,"column":0},"end":{"line":1,"column":44}},"1":{"start":{"line":2,"column":0},"end":{"line":2,"column":37}},"2":{"start":{"line":3,"column":0},"end":{"line":3,"column":0}},"3":{"start":{"line":4,"column":0},"end":{"line":4,"column":43}},"4":{"start":{"line":5,"column":0},"end":{"line":5,"column":56}},"5":{"start":{"line":6,"column":0},"end":{"line":6,"column":37}},"6":{"start":{"line":7,"column":0},"end":{"line":7,"column":0}},"7":{"start":{"line":8,"column":0},"end":{"line":8,"column":3}},"8":{"start":{"line":9,"column":0},"end":{"line":9,"column":25}},"9":{"start":{"line":10,"column":0},"end":{"line":10,"column":3}},"10":{"start":{"line":11,"column":0},"end":{"line":11,"column":25}},"11":{"start":{"line":12,"column":0},"end":{"line":12,"column":5}},"12":{"start":{"line":13,"column":0},"end":{"line":13,"column":35}},"13":{"start":{"line":14,"column":0},"end":{"line":14,"column":43}},"14":{"start":{"line":15,"column":0},"end":{"line":15,"column":44}},"15":{"start":{"line":16,"column":0},"end":{"line":16,"column":20}},"16":{"start":{"line":17,"column":0},"end":{"line":17,"column":5}},"17":{"start":{"line":18,"column":0},"end":{"line":18,"column":51}},"18":{"start":{"line":19,"column":0},"end":{"line":19,"column":9}},"19":{"start":{"line":20,"column":0},"end":{"line":20,"column":45}},"20":{"start":{"line":21,"column":0},"end":{"line":21,"column":46}},"21":{"start":{"line":22,"column":0},"end":{"line":22,"column":13}},"22":{"start":{"line":23,"column":0},"end":{"line":23,"column":23}},"23":{"start":{"line":24,"column":0},"end":{"line":24,"column":36}},"24":{"start":{"line":25,"column":0},"end":{"line":25,"column":51}},"25":{"start":{"line":26,"column":0},"end":{"line":26,"column":37}},"26":{"start":{"line":27,"column":0},"end":{"line":27,"column":46}},"27":{"start":{"line":28,"column":0},"end":{"line":28,"column":20}},"28":{"start":{"line":29,"column":0},"end":{"line":29,"column":38}},"29":{"start":{"line":30,"column":0},"end":{"line":30,"column":10}},"30":{"start":{"line":31,"column":0},"end":{"line":31,"column":7}},"31":{"start":{"line":32,"column":0},"end":{"line":32,"column":51}},"32":{"start":{"line":33,"column":0},"end":{"line":33,"column":43}},"33":{"start":{"line":34,"column":0},"end":{"line":34,"column":7}},"34":{"start":{"line":35,"column":0},"end":{"line":35,"column":27}},"35":{"start":{"line":36,"column":0},"end":{"line":36,"column":77}},"36":{"start":{"line":37,"column":0},"end":{"line":37,"column":7}},"37":{"start":{"line":38,"column":0},"end":{"line":38,"column":75}},"38":{"start":{"line":39,"column":0},"end":{"line":39,"column":62}},"39":{"start":{"line":40,"column":0},"end":{"line":40,"column":21}},"40":{"start":{"line":41,"column":0},"end":{"line":41,"column":46}},"41":{"start":{"line":42,"column":0},"end":{"line":42,"column":34}},"42":{"start":{"line":43,"column":0},"end":{"line":43,"column":33}},"43":{"start":{"line":44,"column":0},"end":{"line":44,"column":12}},"44":{"start":{"line":45,"column":0},"end":{"line":45,"column":39}},"45":{"start":{"line":46,"column":0},"end":{"line":46,"column":21}},"46":{"start":{"line":47,"column":0},"end":{"line":47,"column":8}},"47":{"start":{"line":48,"column":0},"end":{"line":48,"column":5}},"48":{"start":{"line":49,"column":0},"end":{"line":49,"column":3}},"49":{"start":{"line":50,"column":0},"end":{"line":50,"column":1}},"50":{"start":{"line":51,"column":0},"end":{"line":51,"column":0}},"51":{"start":{"line":52,"column":0},"end":{"line":52,"column":39}}},"s":{"0":1,"1":1,"2":1,"3":1,"4":1,"5":1,"6":1,"7":1,"8":1,"9":1,"10":1,"11":1,"12":1,"13":1,"14":1,"15":1,"16":1,"17":1,"18":3,"19":3,"20":3,"21":3,"22":3,"23":3,"24":1,"25":3,"26":1,"27":1,"28":1,"29":1,"30":1,"31":3,"32":1,"33":1,"34":3,"35":1,"36":1,"37":3,"38":2,"39":3,"40":1,"41":1,"42":1,"43":1,"44":1,"45":1,"46":1,"47":1,"48":3,"49":1,"50":1,"51":1},"branchMap":{"0":{"type":"branch","line":18,"loc":{"start":{"line":18,"column":8},"end":{"line":49,"column":3}},"locations":[{"start":{"line":18,"column":8},"end":{"line":49,"column":3}}]},"1":{"type":"branch","line":21,"loc":{"start":{"line":21,"column":8},"end":{"line":21,"column":46}},"locations":[{"start":{"line":21,"column":8},"end":{"line":21,"column":46}}]},"2":{"type":"branch","line":22,"loc":{"start":{"line":22,"column":8},"end":{"line":22,"column":12}},"locations":[{"start":{"line":22,"column":8},"end":{"line":22,"column":12}}]},"3":{"type":"branch","line":24,"loc":{"start":{"line":24,"column":35},"end":{"line":26,"column":13}},"locations":[{"start":{"line":24,"column":35},"end":{"line":26,"column":13}}]},"4":{"type":"branch","line":26,"loc":{"start":{"line":26,"column":7},"end":{"line":31,"column":7}},"locations":[{"start":{"line":26,"column":7},"end":{"line":31,"column":7}}]},"5":{"type":"branch","line":26,"loc":{"start":{"line":26,"column":36},"end":{"line":31,"column":7}},"locations":[{"start":{"line":26,"column":36},"end":{"line":31,"column":7}}]},"6":{"type":"branch","line":32,"loc":{"start":{"line":32,"column":50},"end":{"line":34,"column":7}},"locations":[{"start":{"line":32,"column":50},"end":{"line":34,"column":7}}]},"7":{"type":"branch","line":35,"loc":{"start":{"line":35,"column":26},"end":{"line":37,"column":7}},"locations":[{"start":{"line":35,"column":26},"end":{"line":37,"column":7}}]},"8":{"type":"branch","line":39,"loc":{"start":{"line":39,"column":-1},"end":{"line":40,"column":13}},"locations":[{"start":{"line":39,"column":-1},"end":{"line":40,"column":13}}]},"9":{"type":"branch","line":40,"loc":{"start":{"line":40,"column":6},"end":{"line":48,"column":5}},"locations":[{"start":{"line":40,"column":6},"end":{"line":48,"column":5}}]}},"b":{"0":[3],"1":[1],"2":[2],"3":[1],"4":[2],"5":[1],"6":[1],"7":[1],"8":[2],"9":[1]},"fnMap":{"0":{"name":"getAvgHealth","decl":{"start":{"line":18,"column":8},"end":{"line":49,"column":3}},"loc":{"start":{"line":18,"column":8},"end":{"line":49,"column":3}},"line":18}},"f":{"0":3}}
,"/home/dsambugaro/tractian/desafio-full-stack/server/src/controllers/unitController.ts": {"path":"/home/dsambugaro/tractian/desafio-full-stack/server/src/controllers/unitController.ts","all":false,"statementMap":{"0":{"start":{"line":1,"column":0},"end":{"line":1,"column":44}},"1":{"start":{"line":2,"column":0},"end":{"line":2,"column":37}},"2":{"start":{"line":3,"column":0},"end":{"line":3,"column":0}},"3":{"start":{"line":4,"column":0},"end":{"line":4,"column":50}},"4":{"start":{"line":5,"column":0},"end":{"line":5,"column":37}},"5":{"start":{"line":6,"column":0},"end":{"line":6,"column":0}},"6":{"start":{"line":7,"column":0},"end":{"line":7,"column":3}},"7":{"start":{"line":8,"column":0},"end":{"line":8,"column":24}},"8":{"start":{"line":9,"column":0},"end":{"line":9,"column":3}},"9":{"start":{"line":10,"column":0},"end":{"line":10,"column":22}},"10":{"start":{"line":11,"column":0},"end":{"line":11,"column":5}},"11":{"start":{"line":12,"column":0},"end":{"line":12,"column":18}},"12":{"start":{"line":13,"column":0},"end":{"line":13,"column":43}},"13":{"start":{"line":14,"column":0},"end":{"line":14,"column":44}},"14":{"start":{"line":15,"column":0},"end":{"line":15,"column":20}},"15":{"start":{"line":16,"column":0},"end":{"line":16,"column":5}},"16":{"start":{"line":17,"column":0},"end":{"line":17,"column":42}},"17":{"start":{"line":18,"column":0},"end":{"line":18,"column":9}},"18":{"start":{"line":19,"column":0},"end":{"line":19,"column":75}},"19":{"start":{"line":20,"column":0},"end":{"line":20,"column":76}},"20":{"start":{"line":21,"column":0},"end":{"line":21,"column":23}},"21":{"start":{"line":22,"column":0},"end":{"line":22,"column":36}},"22":{"start":{"line":23,"column":0},"end":{"line":23,"column":51}},"23":{"start":{"line":24,"column":0},"end":{"line":24,"column":37}},"24":{"start":{"line":25,"column":0},"end":{"line":25,"column":46}},"25":{"start":{"line":26,"column":0},"end":{"line":26,"column":20}},"26":{"start":{"line":27,"column":0},"end":{"line":27,"column":38}},"27":{"start":{"line":28,"column":0},"end":{"line":28,"column":10}},"28":{"start":{"line":29,"column":0},"end":{"line":29,"column":7}},"29":{"start":{"line":30,"column":0},"end":{"line":30,"column":61}},"30":{"start":{"line":31,"column":0},"end":{"line":31,"column":60}},"31":{"start":{"line":32,"column":0},"end":{"line":32,"column":21}},"32":{"start":{"line":33,"column":0},"end":{"line":33,"column":46}},"33":{"start":{"line":34,"column":0},"end":{"line":34,"column":34}},"34":{"start":{"line":35,"column":0},"end":{"line":35,"column":33}},"35":{"start":{"line":36,"column":0},"end":{"line":36,"column":12}},"36":{"start":{"line":37,"column":0},"end":{"line":37,"column":39}},"37":{"start":{"line":38,"column":0},"end":{"line":38,"column":21}},"38":{"start":{"line":39,"column":0},"end":{"line":39,"column":8}},"39":{"start":{"line":40,"column":0},"end":{"line":40,"column":5}},"40":{"start":{"line":41,"column":0},"end":{"line":41,"column":3}},"41":{"start":{"line":42,"column":0},"end":{"line":42,"column":0}},"42":{"start":{"line":43,"column":0},"end":{"line":43,"column":5}},"43":{"start":{"line":44,"column":0},"end":{"line":44,"column":21}},"44":{"start":{"line":45,"column":0},"end":{"line":45,"column":43}},"45":{"start":{"line":46,"column":0},"end":{"line":46,"column":44}},"46":{"start":{"line":47,"column":0},"end":{"line":47,"column":20}},"47":{"start":{"line":48,"column":0},"end":{"line":48,"column":5}},"48":{"start":{"line":49,"column":0},"end":{"line":49,"column":46}},"49":{"start":{"line":50,"column":0},"end":{"line":50,"column":40}},"50":{"start":{"line":51,"column":0},"end":{"line":51,"column":9}},"51":{"start":{"line":52,"column":0},"end":{"line":52,"column":50}},"52":{"start":{"line":53,"column":0},"end":{"line":53,"column":10}},"53":{"start":{"line":54,"column":0},"end":{"line":54,"column":34}},"54":{"start":{"line":55,"column":0},"end":{"line":55,"column":49}},"55":{"start":{"line":56,"column":0},"end":{"line":56,"column":9}},"56":{"start":{"line":57,"column":0},"end":{"line":57,"column":59}},"57":{"start":{"line":58,"column":0},"end":{"line":58,"column":14}},"58":{"start":{"line":59,"column":0},"end":{"line":59,"column":61}},"59":{"start":{"line":60,"column":0},"end":{"line":60,"column":7}},"60":{"start":{"line":61,"column":0},"end":{"line":61,"column":21}},"61":{"start":{"line":62,"column":0},"end":{"line":62,"column":46}},"62":{"start":{"line":63,"column":0},"end":{"line":63,"column":34}},"63":{"start":{"line":64,"column":0},"end":{"line":64,"column":33}},"64":{"start":{"line":65,"column":0},"end":{"line":65,"column":12}},"65":{"start":{"line":66,"column":0},"end":{"line":66,"column":39}},"66":{"start":{"line":67,"column":0},"end":{"line":67,"column":21}},"67":{"start":{"line":68,"column":0},"end":{"line":68,"column":8}},"68":{"start":{"line":69,"column":0},"end":{"line":69,"column":5}},"69":{"start":{"line":70,"column":0},"end":{"line":70,"column":3}},"70":{"start":{"line":71,"column":0},"end":{"line":71,"column":0}},"71":{"start":{"line":72,"column":0},"end":{"line":72,"column":5}},"72":{"start":{"line":73,"column":0},"end":{"line":73,"column":18}},"73":{"start":{"line":74,"column":0},"end":{"line":74,"column":43}},"74":{"start":{"line":75,"column":0},"end":{"line":75,"column":44}},"75":{"start":{"line":76,"column":0},"end":{"line":76,"column":20}},"76":{"start":{"line":77,"column":0},"end":{"line":77,"column":5}},"77":{"start":{"line":78,"column":0},"end":{"line":78,"column":45}},"78":{"start":{"line":79,"column":0},"end":{"line":79,"column":29}},"79":{"start":{"line":80,"column":0},"end":{"line":80,"column":9}},"80":{"start":{"line":81,"column":0},"end":{"line":81,"column":40}},"81":{"start":{"line":82,"column":0},"end":{"line":82,"column":74}},"82":{"start":{"line":83,"column":0},"end":{"line":83,"column":21}},"83":{"start":{"line":84,"column":0},"end":{"line":84,"column":46}},"84":{"start":{"line":85,"column":0},"end":{"line":85,"column":34}},"85":{"start":{"line":86,"column":0},"end":{"line":86,"column":33}},"86":{"start":{"line":87,"column":0},"end":{"line":87,"column":12}},"87":{"start":{"line":88,"column":0},"end":{"line":88,"column":39}},"88":{"start":{"line":89,"column":0},"end":{"line":89,"column":21}},"89":{"start":{"line":90,"column":0},"end":{"line":90,"column":8}},"90":{"start":{"line":91,"column":0},"end":{"line":91,"column":5}},"91":{"start":{"line":92,"column":0},"end":{"line":92,"column":3}},"92":{"start":{"line":93,"column":0},"end":{"line":93,"column":0}},"93":{"start":{"line":94,"column":0},"end":{"line":94,"column":5}},"94":{"start":{"line":95,"column":0},"end":{"line":95,"column":18}},"95":{"start":{"line":96,"column":0},"end":{"line":96,"column":43}},"96":{"start":{"line":97,"column":0},"end":{"line":97,"column":44}},"97":{"start":{"line":98,"column":0},"end":{"line":98,"column":20}},"98":{"start":{"line":99,"column":0},"end":{"line":99,"column":5}},"99":{"start":{"line":100,"column":0},"end":{"line":100,"column":45}},"100":{"start":{"line":101,"column":0},"end":{"line":101,"column":40}},"101":{"start":{"line":102,"column":0},"end":{"line":102,"column":29}},"102":{"start":{"line":103,"column":0},"end":{"line":103,"column":9}},"103":{"start":{"line":104,"column":0},"end":{"line":104,"column":62}},"104":{"start":{"line":105,"column":0},"end":{"line":105,"column":59}},"105":{"start":{"line":106,"column":0},"end":{"line":106,"column":21}},"106":{"start":{"line":107,"column":0},"end":{"line":107,"column":46}},"107":{"start":{"line":108,"column":0},"end":{"line":108,"column":34}},"108":{"start":{"line":109,"column":0},"end":{"line":109,"column":33}},"109":{"start":{"line":110,"column":0},"end":{"line":110,"column":12}},"110":{"start":{"line":111,"column":0},"end":{"line":111,"column":39}},"111":{"start":{"line":112,"column":0},"end":{"line":112,"column":21}},"112":{"start":{"line":113,"column":0},"end":{"line":113,"column":8}},"113":{"start":{"line":114,"column":0},"end":{"line":114,"column":5}},"114":{"start":{"line":115,"column":0},"end":{"line":115,"column":3}},"115":{"start":{"line":116,"column":0},"end":{"line":116,"column":0}},"116":{"start":{"line":117,"column":0},"end":{"line":117,"column":5}},"117":{"start":{"line":118,"column":0},"end":{"line":118,"column":18}},"118":{"start":{"line":119,"column":0},"end":{"line":119,"column":43}},"119":{"start":{"line":120,"column":0},"end":{"line":120,"column":44}},"120":{"start":{"line":121,"column":0},"end":{"line":121,"column":20}},"121":{"start":{"line":122,"column":0},"end":{"line":122,"column":5}},"122":{"start":{"line":123,"column":0},"end":{"line":123,"column":45}},"123":{"start":{"line":124,"column":0},"end":{"line":124,"column":40}},"124":{"start":{"line":125,"column":0},"end":{"line":125,"column":9}},"125":{"start":{"line":126,"column":0},"end":{"line":126,"column":49}},"126":{"start":{"line":127,"column":0},"end":{"line":127,"column":59}},"127":{"start":{"line":128,"column":0},"end":{"line":128,"column":21}},"128":{"start":{"line":129,"column":0},"end":{"line":129,"column":46}},"129":{"start":{"line":130,"column":0},"end":{"line":130,"column":34}},"130":{"start":{"line":131,"column":0},"end":{"line":131,"column":33}},"131":{"start":{"line":132,"column":0},"end":{"line":132,"column":12}},"132":{"start":{"line":133,"column":0},"end":{"line":133,"column":39}},"133":{"start":{"line":134,"column":0},"end":{"line":134,"column":21}},"134":{"start":{"line":135,"column":0},"end":{"line":135,"column":8}},"135":{"start":{"line":136,"column":0},"end":{"line":136,"column":5}},"136":{"start":{"line":137,"column":0},"end":{"line":137,"column":3}},"137":{"start":{"line":138,"column":0},"end":{"line":138,"column":0}},"138":{"start":{"line":139,"column":0},"end":{"line":139,"column":5}},"139":{"start":{"line":140,"column":0},"end":{"line":140,"column":54}},"140":{"start":{"line":141,"column":0},"end":{"line":141,"column":43}},"141":{"start":{"line":142,"column":0},"end":{"line":142,"column":44}},"142":{"start":{"line":143,"column":0},"end":{"line":143,"column":20}},"143":{"start":{"line":144,"column":0},"end":{"line":144,"column":5}},"144":{"start":{"line":145,"column":0},"end":{"line":145,"column":45}},"145":{"start":{"line":146,"column":0},"end":{"line":146,"column":9}},"146":{"start":{"line":147,"column":0},"end":{"line":147,"column":75}},"147":{"start":{"line":148,"column":0},"end":{"line":148,"column":76}},"148":{"start":{"line":149,"column":0},"end":{"line":149,"column":71}},"149":{"start":{"line":150,"column":0},"end":{"line":150,"column":60}},"150":{"start":{"line":151,"column":0},"end":{"line":151,"column":21}},"151":{"start":{"line":152,"column":0},"end":{"line":152,"column":46}},"152":{"start":{"line":153,"column":0},"end":{"line":153,"column":34}},"153":{"start":{"line":154,"column":0},"end":{"line":154,"column":33}},"154":{"start":{"line":155,"column":0},"end":{"line":155,"column":12}},"155":{"start":{"line":156,"column":0},"end":{"line":156,"column":39}},"156":{"start":{"line":157,"column":0},"end":{"line":157,"column":21}},"157":{"start":{"line":158,"column":0},"end":{"line":158,"column":8}},"158":{"start":{"line":159,"column":0},"end":{"line":159,"column":5}},"159":{"start":{"line":160,"column":0},"end":{"line":160,"column":3}},"160":{"start":{"line":161,"column":0},"end":{"line":161,"column":1}},"161":{"start":{"line":162,"column":0},"end":{"line":162,"column":0}},"162":{"start":{"line":163,"column":0},"end":{"line":163,"column":36}}},"s":{"0":1,"1":1,"2":1,"3":1,"4":1,"5":1,"6":1,"7":1,"8":1,"9":1,"10":1,"11":1,"12":1,"13":1,"14":1,"15":1,"16":1,"17":8,"18":8,"19":8,"20":8,"21":8,"22":1,"23":8,"24":1,"25":1,"26":1,"27":1,"28":1,"29":7,"30":6,"31":8,"32":2,"33":2,"34":2,"35":2,"36":2,"37":2,"38":2,"39":2,"40":8,"41":1,"42":1,"43":1,"44":1,"45":1,"46":1,"47":1,"48":1,"49":6,"50":6,"51":6,"52":4,"53":4,"54":2,"55":6,"56":2,"57":2,"58":2,"59":2,"60":6,"61":2,"62":2,"63":2,"64":2,"65":2,"66":2,"67":2,"68":2,"69":6,"70":1,"71":1,"72":1,"73":1,"74":1,"75":1,"76":1,"77":1,"78":4,"79":4,"80":4,"81":2,"82":2,"83":2,"84":2,"85":2,"86":2,"87":2,"88":2,"89":2,"90":2,"91":4,"92":1,"93":1,"94":1,"95":1,"96":1,"97":1,"98":1,"99":1,"100":3,"101":3,"102":3,"103":3,"104":2,"105":2,"106":1,"107":1,"108":1,"109":1,"110":1,"111":1,"112":1,"113":1,"114":3,"115":1,"116":1,"117":1,"118":1,"119":1,"120":1,"121":1,"122":1,"123":3,"124":3,"125":3,"126":2,"127":2,"128":1,"129":1,"130":1,"131":1,"132":1,"133":1,"134":1,"135":1,"136":3,"137":1,"138":1,"139":1,"140":1,"141":1,"142":1,"143":1,"144":1,"145":3,"146":3,"147":3,"148":3,"149":1,"150":3,"151":2,"152":2,"153":2,"154":2,"155":2,"156":2,"157":2,"158":2,"159":3,"160":1,"161":1,"162":1},"branchMap":{"0":{"type":"branch","line":17,"loc":{"start":{"line":17,"column":8},"end":{"line":41,"column":3}},"locations":[{"start":{"line":17,"column":8},"end":{"line":41,"column":3}}]},"1":{"type":"branch","line":22,"loc":{"start":{"line":22,"column":35},"end":{"line":24,"column":13}},"locations":[{"start":{"line":22,"column":35},"end":{"line":24,"column":13}}]},"2":{"type":"branch","line":24,"loc":{"start":{"line":24,"column":7},"end":{"line":29,"column":7}},"locations":[{"start":{"line":24,"column":7},"end":{"line":29,"column":7}}]},"3":{"type":"branch","line":24,"loc":{"start":{"line":24,"column":36},"end":{"line":29,"column":7}},"locations":[{"start":{"line":24,"column":36},"end":{"line":29,"column":7}}]},"4":{"type":"branch","line":30,"loc":{"start":{"line":30,"column":-1},"end":{"line":30,"column":61}},"locations":[{"start":{"line":30,"column":-1},"end":{"line":30,"column":61}}]},"5":{"type":"branch","line":31,"loc":{"start":{"line":31,"column":-1},"end":{"line":32,"column":13}},"locations":[{"start":{"line":31,"column":-1},"end":{"line":32,"column":13}}]},"6":{"type":"branch","line":32,"loc":{"start":{"line":32,"column":6},"end":{"line":40,"column":5}},"locations":[{"start":{"line":32,"column":6},"end":{"line":40,"column":5}}]},"7":{"type":"branch","line":49,"loc":{"start":{"line":49,"column":8},"end":{"line":70,"column":3}},"locations":[{"start":{"line":49,"column":8},"end":{"line":70,"column":3}}]},"8":{"type":"branch","line":53,"loc":{"start":{"line":53,"column":-1},"end":{"line":54,"column":34}},"locations":[{"start":{"line":53,"column":-1},"end":{"line":54,"column":34}}]},"9":{"type":"branch","line":54,"loc":{"start":{"line":54,"column":31},"end":{"line":55,"column":49}},"locations":[{"start":{"line":54,"column":31},"end":{"line":55,"column":49}}]},"10":{"type":"branch","line":55,"loc":{"start":{"line":55,"column":40},"end":{"line":55,"column":42}},"locations":[{"start":{"line":55,"column":40},"end":{"line":55,"column":42}}]},"11":{"type":"branch","line":55,"loc":{"start":{"line":55,"column":40},"end":{"line":55,"column":49}},"locations":[{"start":{"line":55,"column":40},"end":{"line":55,"column":49}}]},"12":{"type":"branch","line":56,"loc":{"start":{"line":56,"column":8},"end":{"line":60,"column":7}},"locations":[{"start":{"line":56,"column":8},"end":{"line":60,"column":7}}]},"13":{"type":"branch","line":61,"loc":{"start":{"line":61,"column":6},"end":{"line":69,"column":5}},"locations":[{"start":{"line":61,"column":6},"end":{"line":69,"column":5}}]},"14":{"type":"branch","line":78,"loc":{"start":{"line":78,"column":8},"end":{"line":92,"column":3}},"locations":[{"start":{"line":78,"column":8},"end":{"line":92,"column":3}}]},"15":{"type":"branch","line":82,"loc":{"start":{"line":82,"column":-1},"end":{"line":91,"column":5}},"locations":[{"start":{"line":82,"column":-1},"end":{"line":91,"column":5}}]},"16":{"type":"branch","line":100,"loc":{"start":{"line":100,"column":8},"end":{"line":115,"column":3}},"locations":[{"start":{"line":100,"column":8},"end":{"line":115,"column":3}}]},"17":{"type":"branch","line":105,"loc":{"start":{"line":105,"column":-1},"end":{"line":114,"column":5}},"locations":[{"start":{"line":105,"column":-1},"end":{"line":114,"column":5}}]},"18":{"type":"branch","line":106,"loc":{"start":{"line":106,"column":6},"end":{"line":114,"column":5}},"locations":[{"start":{"line":106,"column":6},"end":{"line":114,"column":5}}]},"19":{"type":"branch","line":123,"loc":{"start":{"line":123,"column":8},"end":{"line":137,"column":3}},"locations":[{"start":{"line":123,"column":8},"end":{"line":137,"column":3}}]},"20":{"type":"branch","line":127,"loc":{"start":{"line":127,"column":-1},"end":{"line":136,"column":5}},"locations":[{"start":{"line":127,"column":-1},"end":{"line":136,"column":5}}]},"21":{"type":"branch","line":128,"loc":{"start":{"line":128,"column":6},"end":{"line":136,"column":5}},"locations":[{"start":{"line":128,"column":6},"end":{"line":136,"column":5}}]},"22":{"type":"branch","line":145,"loc":{"start":{"line":145,"column":8},"end":{"line":160,"column":3}},"locations":[{"start":{"line":145,"column":8},"end":{"line":160,"column":3}}]},"23":{"type":"branch","line":150,"loc":{"start":{"line":150,"column":-1},"end":{"line":151,"column":13}},"locations":[{"start":{"line":150,"column":-1},"end":{"line":151,"column":13}}]},"24":{"type":"branch","line":151,"loc":{"start":{"line":151,"column":6},"end":{"line":159,"column":5}},"locations":[{"start":{"line":151,"column":6},"end":{"line":159,"column":5}}]}},"b":{"0":[8],"1":[1],"2":[6],"3":[1],"4":[7],"5":[6],"6":[2],"7":[6],"8":[4],"9":[2],"10":[0],"11":[0],"12":[2],"13":[2],"14":[4],"15":[2],"16":[3],"17":[2],"18":[1],"19":[3],"20":[2],"21":[1],"22":[3],"23":[1],"24":[2]},"fnMap":{"0":{"name":"get","decl":{"start":{"line":17,"column":8},"end":{"line":41,"column":3}},"loc":{"start":{"line":17,"column":8},"end":{"line":41,"column":3}},"line":17},"1":{"name":"getById","decl":{"start":{"line":49,"column":8},"end":{"line":70,"column":3}},"loc":{"start":{"line":49,"column":8},"end":{"line":70,"column":3}},"line":49},"2":{"name":"create","decl":{"start":{"line":78,"column":8},"end":{"line":92,"column":3}},"loc":{"start":{"line":78,"column":8},"end":{"line":92,"column":3}},"line":78},"3":{"name":"update","decl":{"start":{"line":100,"column":8},"end":{"line":115,"column":3}},"loc":{"start":{"line":100,"column":8},"end":{"line":115,"column":3}},"line":100},"4":{"name":"remove","decl":{"start":{"line":123,"column":8},"end":{"line":137,"column":3}},"loc":{"start":{"line":123,"column":8},"end":{"line":137,"column":3}},"line":123},"5":{"name":"filter","decl":{"start":{"line":145,"column":8},"end":{"line":160,"column":3}},"loc":{"start":{"line":145,"column":8},"end":{"line":160,"column":3}},"line":145}},"f":{"0":8,"1":6,"2":4,"3":3,"4":3,"5":3}}
,"/home/dsambugaro/tractian/desafio-full-stack/server/src/controllers/userController.ts": {"path":"/home/dsambugaro/tractian/desafio-full-stack/server/src/controllers/userController.ts","all":false,"statementMap":{"0":{"start":{"line":1,"column":0},"end":{"line":1,"column":44}},"1":{"start":{"line":2,"column":0},"end":{"line":2,"column":37}},"2":{"start":{"line":3,"column":0},"end":{"line":3,"column":30}},"3":{"start":{"line":4,"column":0},"end":{"line":4,"column":0}},"4":{"start":{"line":5,"column":0},"end":{"line":5,"column":50}},"5":{"start":{"line":6,"column":0},"end":{"line":6,"column":33}},"6":{"start":{"line":7,"column":0},"end":{"line":7,"column":37}},"7":{"start":{"line":8,"column":0},"end":{"line":8,"column":0}},"8":{"start":{"line":9,"column":0},"end":{"line":9,"column":3}},"9":{"start":{"line":10,"column":0},"end":{"line":10,"column":24}},"10":{"start":{"line":11,"column":0},"end":{"line":11,"column":3}},"11":{"start":{"line":12,"column":0},"end":{"line":12,"column":22}},"12":{"start":{"line":13,"column":0},"end":{"line":13,"column":5}},"13":{"start":{"line":14,"column":0},"end":{"line":14,"column":18}},"14":{"start":{"line":15,"column":0},"end":{"line":15,"column":43}},"15":{"start":{"line":16,"column":0},"end":{"line":16,"column":44}},"16":{"start":{"line":17,"column":0},"end":{"line":17,"column":17}},"17":{"start":{"line":18,"column":0},"end":{"line":18,"column":5}},"18":{"start":{"line":19,"column":0},"end":{"line":19,"column":42}},"19":{"start":{"line":20,"column":0},"end":{"line":20,"column":9}},"20":{"start":{"line":21,"column":0},"end":{"line":21,"column":75}},"21":{"start":{"line":22,"column":0},"end":{"line":22,"column":76}},"22":{"start":{"line":23,"column":0},"end":{"line":23,"column":54}},"23":{"start":{"line":24,"column":0},"end":{"line":24,"column":60}},"24":{"start":{"line":25,"column":0},"end":{"line":25,"column":21}},"25":{"start":{"line":26,"column":0},"end":{"line":26,"column":46}},"26":{"start":{"line":27,"column":0},"end":{"line":27,"column":34}},"27":{"start":{"line":28,"column":0},"end":{"line":28,"column":77}},"28":{"start":{"line":29,"column":0},"end":{"line":29,"column":5}},"29":{"start":{"line":30,"column":0},"end":{"line":30,"column":3}},"30":{"start":{"line":31,"column":0},"end":{"line":31,"column":0}},"31":{"start":{"line":32,"column":0},"end":{"line":32,"column":5}},"32":{"start":{"line":33,"column":0},"end":{"line":33,"column":21}},"33":{"start":{"line":34,"column":0},"end":{"line":34,"column":43}},"34":{"start":{"line":35,"column":0},"end":{"line":35,"column":44}},"35":{"start":{"line":36,"column":0},"end":{"line":36,"column":17}},"36":{"start":{"line":37,"column":0},"end":{"line":37,"column":5}},"37":{"start":{"line":38,"column":0},"end":{"line":38,"column":46}},"38":{"start":{"line":39,"column":0},"end":{"line":39,"column":40}},"39":{"start":{"line":40,"column":0},"end":{"line":40,"column":9}},"40":{"start":{"line":41,"column":0},"end":{"line":41,"column":50}},"41":{"start":{"line":42,"column":0},"end":{"line":42,"column":59}},"42":{"start":{"line":43,"column":0},"end":{"line":43,"column":21}},"43":{"start":{"line":44,"column":0},"end":{"line":44,"column":46}},"44":{"start":{"line":45,"column":0},"end":{"line":45,"column":34}},"45":{"start":{"line":46,"column":0},"end":{"line":46,"column":77}},"46":{"start":{"line":47,"column":0},"end":{"line":47,"column":5}},"47":{"start":{"line":48,"column":0},"end":{"line":48,"column":3}},"48":{"start":{"line":49,"column":0},"end":{"line":49,"column":0}},"49":{"start":{"line":50,"column":0},"end":{"line":50,"column":5}},"50":{"start":{"line":51,"column":0},"end":{"line":51,"column":18}},"51":{"start":{"line":52,"column":0},"end":{"line":52,"column":43}},"52":{"start":{"line":53,"column":0},"end":{"line":53,"column":44}},"53":{"start":{"line":54,"column":0},"end":{"line":54,"column":17}},"54":{"start":{"line":55,"column":0},"end":{"line":55,"column":5}},"55":{"start":{"line":56,"column":0},"end":{"line":56,"column":45}},"56":{"start":{"line":57,"column":0},"end":{"line":57,"column":29}},"57":{"start":{"line":58,"column":0},"end":{"line":58,"column":9}},"58":{"start":{"line":59,"column":0},"end":{"line":59,"column":44}},"59":{"start":{"line":60,"column":0},"end":{"line":60,"column":61}},"60":{"start":{"line":61,"column":0},"end":{"line":61,"column":30}},"61":{"start":{"line":62,"column":0},"end":{"line":62,"column":40}},"62":{"start":{"line":63,"column":0},"end":{"line":63,"column":74}},"63":{"start":{"line":64,"column":0},"end":{"line":64,"column":21}},"64":{"start":{"line":65,"column":0},"end":{"line":65,"column":46}},"65":{"start":{"line":66,"column":0},"end":{"line":66,"column":34}},"66":{"start":{"line":67,"column":0},"end":{"line":67,"column":77}},"67":{"start":{"line":68,"column":0},"end":{"line":68,"column":5}},"68":{"start":{"line":69,"column":0},"end":{"line":69,"column":3}},"69":{"start":{"line":70,"column":0},"end":{"line":70,"column":0}},"70":{"start":{"line":71,"column":0},"end":{"line":71,"column":5}},"71":{"start":{"line":72,"column":0},"end":{"line":72,"column":18}},"72":{"start":{"line":73,"column":0},"end":{"line":73,"column":43}},"73":{"start":{"line":74,"column":0},"end":{"line":74,"column":44}},"74":{"start":{"line":75,"column":0},"end":{"line":75,"column":17}},"75":{"start":{"line":76,"column":0},"end":{"line":76,"column":5}},"76":{"start":{"line":77,"column":0},"end":{"line":77,"column":45}},"77":{"start":{"line":78,"column":0},"end":{"line":78,"column":40}},"78":{"start":{"line":79,"column":0},"end":{"line":79,"column":34}},"79":{"start":{"line":80,"column":0},"end":{"line":80,"column":33}},"80":{"start":{"line":81,"column":0},"end":{"line":81,"column":11}},"81":{"start":{"line":82,"column":0},"end":{"line":82,"column":69}},"82":{"start":{"line":83,"column":0},"end":{"line":83,"column":61}},"83":{"start":{"line":84,"column":0},"end":{"line":84,"column":23}},"84":{"start":{"line":85,"column":0},"end":{"line":85,"column":48}},"85":{"start":{"line":86,"column":0},"end":{"line":86,"column":36}},"86":{"start":{"line":87,"column":0},"end":{"line":87,"column":79}},"87":{"start":{"line":88,"column":0},"end":{"line":88,"column":7}},"88":{"start":{"line":89,"column":0},"end":{"line":89,"column":12}},"89":{"start":{"line":90,"column":0},"end":{"line":90,"column":11}},"90":{"start":{"line":91,"column":0
[...]
,"/home/dsambugaro/tractian/desafio-full-stack/server/src/services/unitService.ts": {"path":"/home/dsambugaro/tractian/desafio-full-stack/server/src/services/unitService.ts","all":false,"statementMap":{"0":{"start":{"line":1,"column":0},"end":{"line":1,"column":8}},"1":{"start":{"line":2,"column":0},"end":{"line":2,"column":14}},"2":{"start":{"line":3,"column":0},"end":{"line":3,"column":14}},"3":{"start":{"line":4,"column":0},"end":{"line":4,"column":31}},"4":{"start":{"line":5,"column":0},"end":{"line":5,"column":18}},"5":{"start":{"line":6,"column":0},"end":{"line":6,"column":0}},"6":{"start":{"line":7,"column":0},"end":{"line":7,"column":60}},"7":{"start":{"line":8,"column":0},"end":{"line":8,"column":39}},"8":{"start":{"line":9,"column":0},"end":{"line":9,"column":0}},"9":{"start":{"line":10,"column":0},"end":{"line":10,"column":3}},"10":{"start":{"line":11,"column":0},"end":{"line":11,"column":21}},"11":{"start":{"line":12,"column":0},"end":{"line":12,"column":3}},"12":{"start":{"line":13,"column":0},"end":{"line":13,"column":19}},"13":{"start":{"line":14,"column":0},"end":{"line":14,"column":5}},"14":{"start":{"line":15,"column":0},"end":{"line":15,"column":18}},"15":{"start":{"line":16,"column":0},"end":{"line":16,"column":35}},"16":{"start":{"line":17,"column":0},"end":{"line":17,"column":33}},"17":{"start":{"line":18,"column":0},"end":{"line":18,"column":28}},"18":{"start":{"line":19,"column":0},"end":{"line":19,"column":23}},"19":{"start":{"line":20,"column":0},"end":{"line":20,"column":5}},"20":{"start":{"line":21,"column":0},"end":{"line":21,"column":72}},"21":{"start":{"line":22,"column":0},"end":{"line":22,"column":61}},"22":{"start":{"line":23,"column":0},"end":{"line":23,"column":49}},"23":{"start":{"line":24,"column":0},"end":{"line":24,"column":18}},"24":{"start":{"line":25,"column":0},"end":{"line":25,"column":25}},"25":{"start":{"line":26,"column":0},"end":{"line":26,"column":12}},"26":{"start":{"line":27,"column":0},"end":{"line":27,"column":48}},"27":{"start":{"line":28,"column":0},"end":{"line":28,"column":19}},"28":{"start":{"line":29,"column":0},"end":{"line":29,"column":17}},"29":{"start":{"line":30,"column":0},"end":{"line":30,"column":17}},"30":{"start":{"line":31,"column":0},"end":{"line":31,"column":6}},"31":{"start":{"line":32,"column":0},"end":{"line":32,"column":3}},"32":{"start":{"line":33,"column":0},"end":{"line":33,"column":0}},"33":{"start":{"line":34,"column":0},"end":{"line":34,"column":5}},"34":{"start":{"line":35,"column":0},"end":{"line":35,"column":21}},"35":{"start":{"line":36,"column":0},"end":{"line":36,"column":23}},"36":{"start":{"line":37,"column":0},"end":{"line":37,"column":17}},"37":{"start":{"line":38,"column":0},"end":{"line":38,"column":5}},"38":{"start":{"line":39,"column":0},"end":{"line":39,"column":24}},"39":{"start":{"line":40,"column":0},"end":{"line":40,"column":40}},"40":{"start":{"line":41,"column":0},"end":{"line":41,"column":3}},"41":{"start":{"line":42,"column":0},"end":{"line":42,"column":0}},"42":{"start":{"line":43,"column":0},"end":{"line":43,"column":5}},"43":{"start":{"line":44,"column":0},"end":{"line":44,"column":18}},"44":{"start":{"line":45,"column":0},"end":{"line":45,"column":35}},"45":{"start":{"line":46,"column":0},"end":{"line":46,"column":25}},"46":{"start":{"line":47,"column":0},"end":{"line":47,"column":5}},"47":{"start":{"line":48,"column":0},"end":{"line":48,"column":22}},"48":{"start":{"line":49,"column":0},"end":{"line":49,"column":39}},"49":{"start":{"line":50,"column":0},"end":{"line":50,"column":3}},"50":{"start":{"line":51,"column":0},"end":{"line":51,"column":0}},"51":{"start":{"line":52,"column":0},"end":{"line":52,"column":5}},"52":{"start":{"line":53,"column":0},"end":{"line":53,"column":18}},"53":{"start":{"line":54,"column":0},"end":{"line":54,"column":28}},"54":{"start":{"line":55,"column":0},"end":{"line":55,"column":44}},"55":{"start":{"line":56,"column":0},"end":{"line":56,"column":38}},"56":{"start":{"line":57,"column":0},"end":{"line":57,"column":29}},"57":{"start":{"line":58,"column":0},"end":{"line":58,"column":5}},"58":{"start":{"line":59,"column":0},"end":{"line":59,"column":9}},"59":{"start":{"line":60,"column":0},"end":{"line":60,"column":29}},"60":{"start":{"line":61,"column":0},"end":{"line":61,"column":30}},"61":{"start":{"line":62,"column":0},"end":{"line":62,"column":58}},"62":{"start":{"line":63,"column":0},"end":{"line":63,"column":5}},"63":{"start":{"line":64,"column":0},"end":{"line":64,"column":67}},"64":{"start":{"line":65,"column":0},"end":{"line":65,"column":3}},"65":{"start":{"line":66,"column":0},"end":{"line":66,"column":0}},"66":{"start":{"line":67,"column":0},"end":{"line":67,"column":5}},"67":{"start":{"line":68,"column":0},"end":{"line":68,"column":18}},"68":{"start":{"line":69,"column":0},"end":{"line":69,"column":23}},"69":{"start":{"line":70,"column":0},"end":{"line":70,"column":26}},"70":{"start":{"line":71,"column":0},"end":{"line":71,"column":5}},"71":{"start":{"line":72,"column":0},"end":{"line":72,"column":23}},"72":{"start":{"line":73,"column":0},"end":{"line":73,"column":49}},"73":{"start":{"line":74,"column":0},"end":{"line":74,"column":3}},"74":{"start":{"line":75,"column":0},"end":{"line":75,"column":1}},"75":{"start":{"line":76,"column":0},"end":{"line":76,"column":0}},"76":{"start":{"line":77,"column":0},"end":{"line":77,"column":33}}},"s":{"0":1,"1":1,"2":1,"3":1,"4":1,"5":1,"6":1,"7":1,"8":1,"9":1,"10":1,"11":1,"12":1,"13":1,"14":1,"15":1,"16":1,"17":1,"18":1,"19":1,"20":1,"21":10,"22":10,"23":10,"24":10,"25":10,"26":10,"27":10,"28":10,"29":10,"30":10,"31":10,"32":1,"33":1,"34":1,"35":1,"36":1,"37":1,"38":1,"39":7,"40":7,"41":1,"42":1,"43":1,"44":1,"45":1,"46":1,"47":1,"48":10,"49":10,"50":1,"51":1,"52":1,"53":1,"54":1,"55":1,"56":1,"57":1,"58":1,"59":2,"60":2,"61":2,"62":2,"63":2,"64":2,"65":1,"66":1,"67":1,"68":1,"69":1,"70":1,"71":1,"72":2,"73":2,"74":1,"75":1,"76":1},"branchMap":{"0":{"type":"branch","line":21,"loc":{"start":{"line":21,"column":8},"end":{"line":32,"column":3}},"locations":[{"start":{"line":21,"column":8},"end":{"line":32,"column":3}}]},"1":{"type":"branch","line":39,"loc":{"start":{"line":39,"column":2},"end":{"line":41,"column":3}},"locations":[{"start":{"line":39,"column":2},"end":{"line":41,"column":3}}]},"2":{"type":"branch","line":48,"loc":{"start":{"line":48,"column":2},"end":{"line":50,"column":3}},"locations":[{"start":{"line":48,"column":2},"end":{"line":50,"column":3}}]},"3":{"type":"branch","line":59,"loc":{"start":{"line":59,"column":2},"end":{"line":65,"column":3}},"locations":[{"start":{"line":59,"column":2},"end":{"line":65,"column":3}}]},"4":{"type":"branch","line":72,"loc":{"start":{"line":72,"column":2},"end":{"line":74,"column":3}},"locations":[{"start":{"line":72,"column":2},"end":{"line":74,"column":3}}]}},"b":{"0":[10],"1":[7],"2":[10],"3":[2],"4":[2]},"fnMap":{"0":{"name":"get","decl":{"start":{"line":21,"column":8},"end":{"line":32,"column":3}},"loc":{"start":{"line":21,"column":8},"end":{"line":32,"column":3}},"line":21},"1":{"name":"getById","decl":{"start":{"line":39,"column":2},"end":{"line":41,"column":3}},"loc":{"start":{"line":39,"column":2},"end":{"line":41,"column":3}},"line":39},"2":{"name":"create","decl":{"start":{"line":48,"column":2},"end":{"line":50,"column":3}},"loc":{"start":{"line":48,"column":2},"end":{"line":50,"column":3}},"line":48},"3":{"name":"update","decl":{"start":{"line":59,"column":2},"end":{"line":65,"column":3}},"loc":{"start":{"line":59,"column":2},"end":{"line":65,"column":3}},"line":59},"4":{"name":"remove","decl":{"start":{"line":72,"column":2},"end":{"line":74,"column":3}},"loc":{"start":{"line":72,"column":2},"end":{"line":74,"column":3}},"line":72}},"f":{"0":10,"1":7,"2":10,"3":2,"4":2}}
,"/home/dsambugaro/tractian/desafio-full-stack/server/src/services/userService.ts": {"path":"/home/dsambugaro/tractian/desafio-full-stack/server/src/services/userService.ts","all":false,"statementMap":{"0":{"start":{"line":1,"column":0},"end":{"line":1,"column":8}},"1":{"start":{"line":2,"column":0},"end":{"line":2,"column":14}},"2":{"start":{"line":3,"column":0},"end":{"line":3,"column":14}},"3":{"start":{"line":4,"column":0},"end":{"line":4,"column":31}},"4":{"start":{"line":5,"column":0},"end":{"line":5,"column":18}},"5":{"start":{"line":6,"column":0},"end":{"line":6,"column":52}},"6":{"start":{"line":7,"column":0},"end":{"line":7,"column":0}},"7":{"start":{"line":8,"column":0},"end":{"line":8,"column":60}},"8":{"start":{"line":9,"column":0},"end":{"line":9,"column":39}},"9":{"start":{"line":10,"column":0},"end":{"line":10,"column":0}},"10":{"start":{"line":11,"column":0},"end":{"line":11,"column":3}},"11":{"start":{"line":12,"column":0},"end":{"line":12,"column":21}},"12":{"start":{"line":13,"column":0},"end":{"line":13,"column":3}},"13":{"start":{"line":14,"column":0},"end":{"line":14,"column":19}},"14":{"start":{"line":15,"column":0},"end":{"line":15,"column":5}},"15":{"start":{"line":16,"column":0},"end":{"line":16,"column":18}},"16":{"start":{"line":17,"column":0},"end":{"line":17,"column":35}},"17":{"start":{"line":18,"column":0},"end":{"line":18,"column":33}},"18":{"start":{"line":19,"column":0},"end":{"line":19,"column":28}},"19":{"start":{"line":20,"column":0},"end":{"line":20,"column":23}},"20":{"start":{"line":21,"column":0},"end":{"line":21,"column":5}},"21":{"start":{"line":22,"column":0},"end":{"line":22,"column":72}},"22":{"start":{"line":23,"column":0},"end":{"line":23,"column":61}},"23":{"start":{"line":24,"column":0},"end":{"line":24,"column":49}},"24":{"start":{"line":25,"column":0},"end":{"line":25,"column":18}},"25":{"start":{"line":26,"column":0},"end":{"line":26,"column":25}},"26":{"start":{"line":27,"column":0},"end":{"line":27,"column":12}},"27":{"start":{"line":28,"column":0},"end":{"line":28,"column":48}},"28":{"start":{"line":29,"column":0},"end":{"line":29,"column":19}},"29":{"start":{"line":30,"column":0},"end":{"line":30,"column":17}},"30":{"start":{"line":31,"column":0},"end":{"line":31,"column":17}},"31":{"start":{"line":32,"column":0},"end":{"line":32,"column":6}},"32":{"start":{"line":33,"column":0},"end":{"line":33,"column":3}},"33":{"start":{"line":34,"column":0},"end":{"line":34,"column":0}},"34":{"start":{"line":35,"column":0},"end":{"line":35,"column":5}},"35":{"start":{"line":36,"column":0},"end":{"line":36,"column":22}},"36":{"start":{"line":37,"column":0},"end":{"line":37,"column":23}},"37":{"start":{"line":38,"column":0},"end":{"line":38,"column":17}},"38":{"start":{"line":39,"column":0},"end":{"line":39,"column":5}},"39":{"start":{"line":40,"column":0},"end":{"line":40,"column":30}},"40":{"start":{"line":41,"column":0},"end":{"line":41,"column":52}},"41":{"start":{"line":42,"column":0},"end":{"line":42,"column":28}},"42":{"start":{"line":43,"column":0},"end":{"line":43,"column":3}},"43":{"start":{"line":44,"column":0},"end":{"line":44,"column":0}},"44":{"start":{"line":45,"column":0},"end":{"line":45,"column":5}},"45":{"start":{"line":46,"column":0},"end":{"line":46,"column":19}},"46":{"start":{"line":47,"column":0},"end":{"line":47,"column":35}},"47":{"start":{"line":48,"column":0},"end":{"line":48,"column":25}},"48":{"start":{"line":49,"column":0},"end":{"line":49,"column":5}},"49":{"start":{"line":50,"column":0},"end":{"line":50,"column":22}},"50":{"start":{"line":51,"column":0},"end":{"line":51,"column":39}},"51":{"start":{"line":52,"column":0},"end":{"line":52,"column":3}},"52":{"start":{"line":53,"column":0},"end":{"line":53,"column":0}},"53":{"start":{"line":54,"column":0},"end":{"line":54,"column":5}},"54":{"start":{"line":55,"column":0},"end":{"line":55,"column":19}},"55":{"start":{"line":56,"column":0},"end":{"line":56,"column":28}},"56":{"start":{"line":57,"column":0},"end":{"line":57,"column":44}},"57":{"start":{"line":58,"column":0},"end":{"line":58,"column":38}},"58":{"start":{"line":59,"column":0},"end":{"line":59,"column":29}},"59":{"start":{"line":60,"column":0},"end":{"line":60,"column":5}},"60":{"start":{"line":61,"column":0},"end":{"line":61,"column":9}},"61":{"start":{"line":62,"column":0},"end":{"line":62,"column":29}},"62":{"start":{"line":63,"column":0},"end":{"line":63,"column":30}},"63":{"start":{"line":64,"column":0},"end":{"line":64,"column":58}},"64":{"start":{"line":65,"column":0},"end":{"line":65,"column":5}},"65":{"start":{"line":66,"column":0},"end":{"line":66,"column":67}},"66":{"start":{"line":67,"column":0},"end":{"line":67,"column":3}},"67":{"start":{"line":68,"column":0},"end":{"line":68,"column":0}},"68":{"start":{"line":69,"column":0},"end":{"line":69,"column":5}},"69":{"start":{"line":70,"column":0},"end":{"line":70,"column":19}},"70":{"start":{"line":71,"column":0},"end":{"line":71,"column":23}},"71":{"start":{"line":72,"column":0},"end":{"line":72,"column":26}},"72":{"start":{"line":73,"column":0},"end":{"line":73,"column":5}},"73":{"start":{"line":74,"column":0},"end":{"line":74,"column":23}},"74":{"start":{"line":75,"column":0},"end":{"line":75,"column":49}},"75":{"start":{"line":76,"column":0},"end":{"line":76,"column":3}},"76":{"start":{"line":77,"column":0},"end":{"line":77,"column":0}},"77":{"start":{"line":78,"column":0},"end":{"line":78,"column":5}},"78":{"start":{"line":79,"column":0},"end":{"line":79,"column":36}},"79":{"start":{"line":80,"column":0},"end":{"line":80,"column":34}},"80":{"start":{"line":81,"column":0},"end":{"line":81,"column":43}},"81":{"start":{"line":82,"column":0},"end":{"line":82,"column":30}},"82":{"start":{"line":83,"column":0},"end":{"line":83,"column":5}},"83":{"start":{"line":84,"column":0},"end":{"line":84,"column":14}},"84":{"start":{"line":85,"column":0},"end":{"line":85,"column":21}},"85":{"start":{"line":86,"column":0},"end":{"line":86,"column":21}},"86":{"start":{"line":87,"column":0},"end":{"line":87,"column":41}},"87":{"start":{"line":88,"column":0},"end":{"line":88,"column":45}},"88":{"start":{"line":89,"column":0},"end":{"line":89,"column":61}},"89":{"start":{"line":90,"column":0},"end":{"line":90,"column":17}},"90":{"start":{"line":91,"column":0},"end":{"line":91,"column":6}},"91":{"start":{"line":92,"column":0},"end":{"line":92,"column":28}},"92":{"start":{"line":93,"column":0},"end":{"line":93,"column":49}},"93":{"start":{"line":94,"column":0},"end":{"line":94,"column":52}},"94":{"start":{"line":95,"column":0},"end":{"line":95,"column":35}},"95":{"start":{"line":96,"column":0},"end":{"line":96,"column":12}},"96":{"start":{"line":97,"column":0},"end":{"line":97,"column":40}},"97":{"start":{"line":98,"column":0},"end":{"line":98,"column":5}},"98":{"start":{"line":99,"column":0},"end":{"line":99,"column":3}},"99":{"start":{"line":100,"column":0},"end":{"line":100,"column":1}},"100":{"start":{"line":101,"column":0},"end":{"line":101,"column":0}},"101":{"start":{"line":102,"column":0},"end":{"line":102,"column":33}}},"s":{"0":1,"1":1,"2":1,"3":1,"4":1,"5":1,"6":1,"7":1,"8":1,"9":1,"10":1,"11":1,"12":1,"13":1,"14":1,"15":1,"16":1,"17":1,"18":1,"19":1,"20":1,"21":1,"22":5,"23":5,"24":5,"25":5,"26":5,"27":5,"28":5,"29":5,"30":5,"31":5,"32":5,"33":1,"34":1,"35":1,"36":1,"37":1,"38":1,"39":1,"40":2,"41":2,"42":2,"43":1,"44":1,"45":1,"46":1,"47":1,"48":1,"49":1,"50":3,"51":3,"52":1,"53":1,"54":1,"55":1,"56":1,"57":1,"58":1,"59":1,"60":1,"61":3,"62":3,"63":3,"64":3,"65":3,"66":3,"67":1,"68":1,"69":1,"70":1,"71":1,"72":1,"73":1,"74":2,"75":2,"76":1,"77":1,"78":1,"79":1,"80":1,"81":1,"82":1,"83":1,"84":3,"85":3,"86":3,"87":3,"88":3,"89":3,"90":3,"91":3,"92":2,"93":2,"94":2,"95":3,"96":1,"97":1,"98":3,"99":1,"100":1,"101":1},"branchMap":{"0":{"type":"branch","line":22,"loc":{"start":{"line":22,"column":8},"end":{"line":33,"column":3}},"locations":[{"start":{"line":22,"column":8},"end":{"line":33,"column":3}}]},"1":{"type":"branch","line":40,"loc":{"start":{"line":40,"column":8},"end":{"line":43,"column":3}},"locations":[{"start":{"line":40,"column":8},"end":{"line":43,"column":3}}]},"2":{"type":"branch","line":42,"loc":{"start":{"line":42,"column":15},"end":{"line":42,"column":17}},"locations":[{"start":{"line":42,"column":15},"end":{"line":42,"column":17}}]},"3":{"type":"branch","line":42,"loc":{"start":{"line":42,"column":15},"end":{"line":42,"column":17}},"locations":[{"start":{"line":42,"column":15},"end":{"line":42,"column":17}}]},"4":{"type":"branch","line":42,"loc":{"start":{"line":42,"column":15},"end":{"line":42,"column":27}},"locations":[{"start":{"line":42,"column":15},"end":{"line":42,"column":27}}]},"5":{"type":"branch","line":50,"loc":{"start":{"line":50,"column":2},"end":{"line":52,"column":3}},"locations":[{"start":{"line":50,"column":2},"end":{"line":52,"column":3}}]},"6":{"type":"branch","line":61,"loc":{"start":{"line":61,"column":2},"end":{"line":67,"column":3}},"locations":[{"start":{"line":61,"column":2},"end":{"line":67,"column":3}}]},"7":{"type":"branch","line":74,"loc":{"start":{"line":74,"column":2},"end":{"line":76,"column":3}},"locations":[{"start":{"line":74,"column":2},"end":{"line":76,"column":3}}]},"8":{"type":"branch","line":84,"loc":{"start":{"line":84,"column":8},"end":{"line":99,"column":3}},"locations":[{"start":{"line":84,"column":8},"end":{"line":99,"column":3}}]},"9":{"type":"branch","line":92,"loc":{"start":{"line":92,"column":27},"end":{"line":96,"column":11}},"locations":[{"start":{"line":92,"column":27},"end":{"line":96,"column":11}}]},"10":{"type":"branch","line":95,"loc":{"start":{"line":95,"column":21},"end":{"line":95,"column":27}},"locations":[{"start":{"line":95,"column":21},"end":{"line":95,"column":27}}]},"11":{"type":"branch","line":95,"loc":{"start":{"line":95,"column":28},"end":{"line":95,"column":34}},"locations":[{"start":{"line":95,"column":28},"end":{"line":95,"column":34}}]},"12":{"type":"branch","line":96,"loc":{"start":{"line":96,"column":5},"end":{"line":98,"column":5}},"locations":[{"start":{"line":96,"column":5},"end":{"line":98,"column":5}}]}},"b":{"0":[5],"1":[2],"2":[1],"3":[1],"4":[1],"5":[3],"6":[3],"7":[2],"8":[3],"9":[2],"10":[1],"11":[1],"12":[1]},"fnMap":{"0":{"name":"get","decl":{"start":{"line":22,"column":8},"end":{"line":33,"column":3}},"loc":{"start":{"line":22,"column":8},"end":{"line":33,"column":3}},"line":22},"1":{"name":"getById","decl":{"start":{"line":40,"column":8},"end":{"line":43,"column":3}},"loc":{"start":{"line":40,"column":8},"end":{"line":43,"column":3}},"line":40},"2":{"name":"create","decl":{"start":{"line":50,"column":2},"end":{"line":52,"column":3}},"loc":{"start":{"line":50,"column":2},"end":{"line":52,"column":3}},"line":50},"3":{"name":"update","decl":{"start":{"line":61,"column":2},"end":{"line":67,"column":3}},"loc":{"start":{"line":61,"column":2},"end":{"line":67,"column":3}},"line":61},"4":{"name":"remove","decl":{"start":{"line":74,"column":2},"end":{"line":76,"column":3}},"loc":{"start":{"line":74,"column":2},"end":{"line":76,"column":3}},"line":74},"5":{"name":"login","decl":{"start":{"line":84,"column":8},"end":{"line":99,"column":3}},"loc":{"start":{"line":84,"column":8},"end":{"line":99,"column":3}},"line":84}},"f":{"0":5,"1":2,"2":3,"3":3,"4":2,"5":3}}
}
